2024-11-24 16:33:48,036 [INFO] Activator:176 - 


2024-11-24 16:33:48,048 [INFO] Activator:177 - !SESSION log4j initialized
2024-11-24 16:33:54,601 [INFO] LogOutputStream:77 - [STDOUT_REDIRECT] 
2024-11-24 16:33:55,184 [ERROR] ConfigurationRetriever:142 - IOException on connection: sw-center.st.com
2024-11-24 16:33:55,184 [ERROR] ConfigurationRetriever:142 - IOException on connection: sw-center.st.com
2024-11-24 16:33:55,186 [ERROR] ConfigurationRetriever:142 - IOException on connection: sw-center.st.com
2024-11-24 16:33:57,382 [INFO] ApplicationProperties:184 - Using Application install path: C:\my_workspace\my_software\stm32cubeide\STM32CubeIDE_1.14.1\STM32CubeIDE\plugins\com.st.stm32cube.common.mx_6.10.0.202311202037
2024-11-24 16:33:57,405 [INFO] DbMcusXml:78 - Set database path to: C:\my_workspace\my_software\stm32cubeide\STM32CubeIDE_1.14.1\STM32CubeIDE\plugins\com.st.stm32cube.common.mx_6.10.0.202311202037\\db\/mcu/
2024-11-24 16:33:57,405 [INFO] ApiDb:274 - Set plugin database path to: C:\my_workspace\my_software\stm32cubeide\STM32CubeIDE_1.14.1\STM32CubeIDE\plugins\com.st.stm32cube.common.mx_6.10.0.202311202037\\db\/plugins/boardmanager/
2024-11-24 16:33:57,405 [WARN] ApiDb:259 - Overriding images path with different value:  => C:\my_workspace\my_software\stm32cubeide\STM32CubeIDE_1.14.1\STM32CubeIDE\plugins\com.st.stm32cube.common.mx_6.10.0.202311202037\\db\/plugins/mcufinder/images/
2024-11-24 16:33:57,427 [INFO] ApiDb:250 - Set database path to: C:\Users\ECA1WX\.stmcufinder\plugins\mcufinder//mcu/
2024-11-24 16:33:57,429 [INFO] DbMcusAds:125 - Set database path to: C:\Users\ECA1WX\.stmcufinder\plugins\mcufinder//mcu/
2024-11-24 16:33:57,430 [INFO] CrossReferenceDbSqlite:203 - Set database path to: C:\Users\ECA1WX\.stmcufinder\plugins\mcufinder//mcu/cs/
2024-11-24 16:33:57,564 [INFO] RulesReader:64 - Compatibility file has been processed (297 Rules)
2024-11-24 16:33:57,667 [INFO] DbMcusXml:78 - Set database path to: C:\my_workspace\my_software\stm32cubeide\STM32CubeIDE_1.14.1\STM32CubeIDE\plugins\com.st.stm32cube.common.mx_6.10.0.202311202037\\db\/mcu/
2024-11-24 16:33:57,667 [INFO] ApiDb:274 - Set plugin database path to: C:\my_workspace\my_software\stm32cubeide\STM32CubeIDE_1.14.1\STM32CubeIDE\plugins\com.st.stm32cube.common.mx_6.10.0.202311202037\\db\/plugins/boardmanager/
2024-11-24 16:33:57,667 [INFO] ApiDb:261 - Set plugin images path to: C:\my_workspace\my_software\stm32cubeide\STM32CubeIDE_1.14.1\STM32CubeIDE\plugins\com.st.stm32cube.common.mx_6.10.0.202311202037\\db\/plugins/mcufinder/images/
2024-11-24 16:33:57,668 [WARN] DbFile:41 - Overriding database path with different value: C:\Users\ECA1WX\.stmcufinder\plugins\mcufinder/ => C:\Users\ECA1WX\.stmcufinder\plugins\mcufinder
2024-11-24 16:33:57,668 [INFO] ApiDb:250 - Set database path to: C:\Users\ECA1WX\.stmcufinder\plugins\mcufinder//mcu/
2024-11-24 16:33:57,668 [WARN] DbFile:41 - Overriding database path with different value: C:\Users\ECA1WX\.stmcufinder\plugins\mcufinder/ => C:\Users\ECA1WX\.stmcufinder\plugins\mcufinder
2024-11-24 16:33:57,668 [INFO] DbMcusAds:125 - Set database path to: C:\Users\ECA1WX\.stmcufinder\plugins\mcufinder//mcu/
2024-11-24 16:33:57,668 [WARN] DbFile:41 - Overriding database path with different value: C:\Users\ECA1WX\.stmcufinder\plugins\mcufinder/ => C:\Users\ECA1WX\.stmcufinder\plugins\mcufinder
2024-11-24 16:33:57,668 [WARN] DbFile:41 - Overriding database path with different value: C:\Users\ECA1WX\.stmcufinder\plugins\mcufinder/ => C:\Users\ECA1WX\.stmcufinder\plugins\mcufinder
2024-11-24 16:33:57,668 [INFO] CrossReferenceDbSqlite:203 - Set database path to: C:\Users\ECA1WX\.stmcufinder\plugins\mcufinder//mcu/cs/
2024-11-24 16:33:57,786 [INFO] MainPanel:264 - HeapMemory: 268435456
2024-11-24 16:33:57,881 [INFO] DbMcusXml:78 - Set database path to: C:\my_workspace\my_software\stm32cubeide\STM32CubeIDE_1.14.1\STM32CubeIDE\plugins\com.st.stm32cube.common.mx_6.10.0.202311202037\\db\/mcu/
2024-11-24 16:33:57,882 [INFO] ApiDb:274 - Set plugin database path to: C:\my_workspace\my_software\stm32cubeide\STM32CubeIDE_1.14.1\STM32CubeIDE\plugins\com.st.stm32cube.common.mx_6.10.0.202311202037\\db\/plugins/boardmanager/
2024-11-24 16:33:57,882 [INFO] ApiDb:261 - Set plugin images path to: C:\my_workspace\my_software\stm32cubeide\STM32CubeIDE_1.14.1\STM32CubeIDE\plugins\com.st.stm32cube.common.mx_6.10.0.202311202037\\db\/plugins/mcufinder/images/
2024-11-24 16:33:57,882 [WARN] DbFile:41 - Overriding database path with different value: C:\Users\ECA1WX\.stmcufinder\plugins\mcufinder/ => C:\Users\ECA1WX\.stmcufinder\plugins\mcufinder
2024-11-24 16:33:57,882 [INFO] ApiDb:250 - Set database path to: C:\Users\ECA1WX\.stmcufinder\plugins\mcufinder//mcu/
2024-11-24 16:33:57,882 [WARN] DbFile:41 - Overriding database path with different value: C:\Users\ECA1WX\.stmcufinder\plugins\mcufinder/ => C:\Users\ECA1WX\.stmcufinder\plugins\mcufinder
2024-11-24 16:33:57,882 [INFO] DbMcusAds:125 - Set database path to: C:\Users\ECA1WX\.stmcufinder\plugins\mcufinder//mcu/
2024-11-24 16:33:57,882 [WARN] DbFile:41 - Overriding database path with different value: C:\Users\ECA1WX\.stmcufinder\plugins\mcufinder/ => C:\Users\ECA1WX\.stmcufinder\plugins\mcufinder
2024-11-24 16:33:57,882 [WARN] DbFile:41 - Overriding database path with different value: C:\Users\ECA1WX\.stmcufinder\plugins\mcufinder/ => C:\Users\ECA1WX\.stmcufinder\plugins\mcufinder
2024-11-24 16:33:57,883 [INFO] CrossReferenceDbSqlite:203 - Set database path to: C:\Users\ECA1WX\.stmcufinder\plugins\mcufinder//mcu/cs/
2024-11-24 16:33:57,906 [INFO] ApplicationProperties:184 - Using Application install path: C:\my_workspace\my_software\stm32cubeide\STM32CubeIDE_1.14.1\STM32CubeIDE\plugins\com.st.stm32cube.common.mx_6.10.0.202311202037
2024-11-24 16:33:57,908 [INFO] PluginManage:196 - Search for loadable plugins [exclusion list=, ]
2024-11-24 16:33:57,911 [INFO] PluginManage:310 - Check plugin analytics
2024-11-24 16:33:58,131 [INFO] AnalyticsPlugin:253 - Accepted Software Licenses: STM32CubeMX.6.12.0,STM32CubeMX.6.10.0
2024-11-24 16:33:58,131 [INFO] AnalyticsPlugin:255 - Accepted CMSIS Pack Licenses: 
2024-11-24 16:33:58,132 [INFO] AnalyticsPlugin:257 - Accepted Firmware Licenses: FW.F7.1.17.0
2024-11-24 16:33:58,135 [ERROR] ConfigurationRetriever:142 - IOException on connection: sw-center.st.com
2024-11-24 16:33:58,135 [ERROR] ConfigurationRetriever:142 - IOException on connection: sw-center.st.com
2024-11-24 16:33:58,137 [ERROR] ConfigurationRetriever:142 - IOException on connection: sw-center.st.com
2024-11-24 16:33:58,137 [INFO] PluginManage:359 - Loaded plugin analytics (category:tool,tabindex:-1)
2024-11-24 16:33:58,137 [INFO] PluginManage:310 - Check plugin cadmodel
2024-11-24 16:33:58,192 [INFO] CADModel:105 - Init CAD model plugin
2024-11-24 16:33:58,193 [INFO] PluginManage:359 - Loaded plugin cadmodel (category:power,tabindex:5)
2024-11-24 16:33:58,193 [INFO] PluginManage:310 - Check plugin clock
2024-11-24 16:33:58,229 [INFO] PluginManage:359 - Loaded plugin clock (category:base,tabindex:2)
2024-11-24 16:33:58,229 [INFO] PluginManage:310 - Check plugin ddr
2024-11-24 16:33:58,234 [INFO] PluginManage:359 - Loaded plugin ddr (category:tool,tabindex:6)
2024-11-24 16:33:58,235 [INFO] PluginManage:310 - Check plugin filemanager
2024-11-24 16:33:58,436 [INFO] PluginManage:359 - Loaded plugin filemanager (category:base,tabindex:10)
2024-11-24 16:33:58,436 [INFO] PluginManage:310 - Check plugin ipmanager
2024-11-24 16:33:58,448 [INFO] PluginManage:359 - Loaded plugin ipmanager (category:base,tabindex:5)
2024-11-24 16:33:58,449 [INFO] PluginManage:310 - Check plugin lpbam
2024-11-24 16:33:58,470 [INFO] PluginManage:359 - Loaded plugin lpbam (category:base,tabindex:0)
2024-11-24 16:33:58,470 [INFO] PluginManage:310 - Check plugin memorymap
2024-11-24 16:33:58,501 [INFO] PluginManage:359 - Loaded plugin memorymap (category:base,tabindex:4)
2024-11-24 16:33:58,501 [INFO] PluginManage:310 - Check plugin pinoutandconfiguration
2024-11-24 16:33:58,520 [INFO] PluginManage:359 - Loaded plugin pinoutandconfiguration (category:base,tabindex:1)
2024-11-24 16:33:58,521 [INFO] PluginManage:310 - Check plugin pinoutconfig
2024-11-24 16:33:58,624 [WARN] SupportedApi:132 - Cannot load RTOS API schema: s4s-elt-must-match.1: The content of 'definitions' must match (annotation?, (simpleType | complexType)?, (unique | key | keyref)*)). A problem was found starting at: attribute.
2024-11-24 16:33:58,788 [INFO] PluginManage:359 - Loaded plugin pinoutconfig (category:base,tabindex:0)
2024-11-24 16:33:58,788 [INFO] PluginManage:310 - Check plugin power
2024-11-24 16:33:58,938 [INFO] PluginManage:359 - Loaded plugin power (category:power,tabindex:4)
2024-11-24 16:33:58,939 [INFO] PluginManage:310 - Check plugin projectmanager
2024-11-24 16:33:58,962 [INFO] PluginManage:359 - Loaded plugin projectmanager (category:projectmanager,tabindex:3)
2024-11-24 16:33:58,962 [INFO] PluginManage:310 - Check plugin thirdparty
2024-11-24 16:33:59,152 [INFO] PluginManage:359 - Loaded plugin thirdparty (category:base,tabindex:-1)
2024-11-24 16:33:59,152 [WARN] IntegrityCheckThread:84 - waiting for thirdparty lock release [integrity check]
2024-11-24 16:33:59,152 [INFO] PluginManage:310 - Check plugin tools
2024-11-24 16:33:59,152 [INFO] IntegrityCheckThread:86 - entering critical section [integrity check]
2024-11-24 16:33:59,153 [INFO] ThirdPartyUpdaterWithRetryManager:70 - Updater plugin not ready yet. [1/15]
2024-11-24 16:33:59,161 [INFO] PluginManage:359 - Loaded plugin tools (category:base,tabindex:7)
2024-11-24 16:33:59,161 [INFO] PluginManage:310 - Check plugin tutovideos
2024-11-24 16:33:59,363 [INFO] PluginManage:359 - Loaded plugin tutovideos (category:base,tabindex:-1)
2024-11-24 16:33:59,364 [INFO] PluginManage:310 - Check plugin updater
2024-11-24 16:33:59,374 [INFO] PluginManage:359 - Loaded plugin updater (category:base,tabindex:12)
2024-11-24 16:33:59,374 [INFO] PluginManage:310 - Check plugin userauth
2024-11-24 16:33:59,379 [INFO] UserAuth:114 - Init User Auth plugin
2024-11-24 16:33:59,379 [INFO] PluginManage:359 - Loaded plugin userauth (category:base,tabindex:14)
2024-11-24 16:33:59,380 [INFO] PluginManage:283 - PluginManage : Loaded plugins [17]
2024-11-24 16:33:59,697 [INFO] PinOutPanel:1499 - setPackage(No Configuration,No Configuration)
2024-11-24 16:33:59,809 [INFO] CADModel:165 - CPN selected for project level
2024-11-24 16:33:59,809 [INFO] CADModel:114 - Register for checkConnection events
2024-11-24 16:33:59,838 [INFO] IPUIPlugin:80 - create IPUIPlugin
2024-11-24 16:33:59,839 [INFO] PluginManager:220 - loadIPPluginJar : add adc
2024-11-24 16:33:59,854 [INFO] IPUIPlugin:80 - create IPUIPlugin
2024-11-24 16:33:59,854 [INFO] PluginManager:220 - loadIPPluginJar : add aes
2024-11-24 16:33:59,866 [INFO] IPUIPlugin:80 - create IPUIPlugin
2024-11-24 16:33:59,866 [INFO] PluginManager:220 - loadIPPluginJar : add can
2024-11-24 16:33:59,874 [INFO] IPUIPlugin:80 - create IPUIPlugin
2024-11-24 16:33:59,874 [INFO] PluginManager:220 - loadIPPluginJar : add comp
2024-11-24 16:33:59,882 [INFO] IPUIPlugin:80 - create IPUIPlugin
2024-11-24 16:33:59,882 [INFO] PluginManager:220 - loadIPPluginJar : add cryp
2024-11-24 16:33:59,891 [INFO] IPUIPlugin:80 - create IPUIPlugin
2024-11-24 16:33:59,891 [INFO] PluginManager:220 - loadIPPluginJar : add dfsdm
2024-11-24 16:33:59,906 [INFO] IPUIPlugin:80 - create IPUIPlugin
2024-11-24 16:33:59,906 [INFO] PluginManager:220 - loadIPPluginJar : add dma
2024-11-24 16:33:59,916 [INFO] IPUIPlugin:80 - create IPUIPlugin
2024-11-24 16:33:59,916 [INFO] PluginManager:220 - loadIPPluginJar : add dma3
2024-11-24 16:33:59,923 [INFO] IPUIPlugin:80 - create IPUIPlugin
2024-11-24 16:33:59,923 [INFO] PluginManager:220 - loadIPPluginJar : add fatfs
2024-11-24 16:33:59,934 [INFO] IPUIPlugin:80 - create IPUIPlugin
2024-11-24 16:33:59,934 [INFO] PluginManager:220 - loadIPPluginJar : add fmc
2024-11-24 16:33:59,950 [INFO] IPUIPlugin:80 - create IPUIPlugin
2024-11-24 16:33:59,950 [INFO] PluginManager:220 - loadIPPluginJar : add freertos
2024-11-24 16:33:59,958 [INFO] IPUIPlugin:80 - create IPUIPlugin
2024-11-24 16:33:59,958 [INFO] PluginManager:220 - loadIPPluginJar : add genericplugin
2024-11-24 16:33:59,965 [INFO] IPUIPlugin:80 - create IPUIPlugin
2024-11-24 16:33:59,965 [INFO] PluginManager:220 - loadIPPluginJar : add gfxmmu
2024-11-24 16:33:59,976 [INFO] IPUIPlugin:80 - create IPUIPlugin
2024-11-24 16:33:59,976 [INFO] PluginManager:220 - loadIPPluginJar : add gic
2024-11-24 16:33:59,985 [INFO] IPUIPlugin:80 - create IPUIPlugin
2024-11-24 16:33:59,986 [INFO] PluginManager:220 - loadIPPluginJar : add gpio
2024-11-24 16:33:59,994 [INFO] IPUIPlugin:80 - create IPUIPlugin
2024-11-24 16:33:59,994 [INFO] PluginManager:220 - loadIPPluginJar : add gtzc
2024-11-24 16:34:00,001 [INFO] IPUIPlugin:80 - create IPUIPlugin
2024-11-24 16:34:00,001 [INFO] PluginManager:220 - loadIPPluginJar : add hash
2024-11-24 16:34:00,007 [INFO] IPUIPlugin:80 - create IPUIPlugin
2024-11-24 16:34:00,008 [INFO] PluginManager:220 - loadIPPluginJar : add i2c
2024-11-24 16:34:00,015 [INFO] IPUIPlugin:80 - create IPUIPlugin
2024-11-24 16:34:00,015 [INFO] PluginManager:220 - loadIPPluginJar : add i2s
2024-11-24 16:34:00,026 [INFO] IPUIPlugin:80 - create IPUIPlugin
2024-11-24 16:34:00,027 [INFO] PluginManager:220 - loadIPPluginJar : add i3c
2024-11-24 16:34:00,042 [INFO] IPUIPlugin:80 - create IPUIPlugin
2024-11-24 16:34:00,043 [INFO] PluginManager:220 - loadIPPluginJar : add ipddr
2024-11-24 16:34:00,060 [INFO] IPUIPlugin:80 - create IPUIPlugin
2024-11-24 16:34:00,061 [INFO] PluginManager:220 - loadIPPluginJar : add linkedlist
2024-11-24 16:34:00,072 [INFO] IPUIPlugin:80 - create IPUIPlugin
2024-11-24 16:34:00,073 [INFO] PluginManager:220 - loadIPPluginJar : add lorawan
2024-11-24 16:34:00,079 [INFO] IPUIPlugin:80 - create IPUIPlugin
2024-11-24 16:34:00,079 [INFO] PluginManager:220 - loadIPPluginJar : add ltdc
2024-11-24 16:34:00,097 [INFO] IPUIPlugin:80 - create IPUIPlugin
2024-11-24 16:34:00,097 [INFO] PluginManager:220 - loadIPPluginJar : add mdma
2024-11-24 16:34:00,107 [INFO] IPUIPlugin:80 - create IPUIPlugin
2024-11-24 16:34:00,107 [INFO] PluginManager:220 - loadIPPluginJar : add nvic
2024-11-24 16:34:00,122 [INFO] IPUIPlugin:80 - create IPUIPlugin
2024-11-24 16:34:00,122 [INFO] PluginManager:220 - loadIPPluginJar : add opamp
2024-11-24 16:34:00,133 [INFO] IPUIPlugin:80 - create IPUIPlugin
2024-11-24 16:34:00,133 [INFO] PluginManager:220 - loadIPPluginJar : add openamp
2024-11-24 16:34:00,140 [INFO] IPUIPlugin:80 - create IPUIPlugin
2024-11-24 16:34:00,140 [INFO] PluginManager:220 - loadIPPluginJar : add pdm2pcm
2024-11-24 16:34:00,152 [INFO] IPUIPlugin:80 - create IPUIPlugin
2024-11-24 16:34:00,154 [INFO] PluginManager:220 - loadIPPluginJar : add plateformsettings
2024-11-24 16:34:00,160 [INFO] IPUIPlugin:80 - create IPUIPlugin
2024-11-24 16:34:00,160 [INFO] PluginManager:220 - loadIPPluginJar : add quadspi
2024-11-24 16:34:00,172 [INFO] IPUIPlugin:80 - create IPUIPlugin
2024-11-24 16:34:00,172 [INFO] PluginManager:220 - loadIPPluginJar : add resmgrutility
2024-11-24 16:34:00,179 [INFO] IPUIPlugin:80 - create IPUIPlugin
2024-11-24 16:34:00,179 [INFO] PluginManager:220 - loadIPPluginJar : add sai
2024-11-24 16:34:00,186 [INFO] IPUIPlugin:80 - create IPUIPlugin
2024-11-24 16:34:00,186 [INFO] PluginManager:220 - loadIPPluginJar : add spi
2024-11-24 16:34:00,196 [INFO] IPUIPlugin:80 - create IPUIPlugin
2024-11-24 16:34:00,196 [INFO] PluginManager:220 - loadIPPluginJar : add stm32_wpan
2024-11-24 16:34:00,202 [INFO] IPUIPlugin:80 - create IPUIPlugin
2024-11-24 16:34:00,202 [INFO] PluginManager:220 - loadIPPluginJar : add tim
2024-11-24 16:34:00,214 [INFO] IPUIPlugin:80 - create IPUIPlugin
2024-11-24 16:34:00,214 [INFO] PluginManager:220 - loadIPPluginJar : add touchsensing
2024-11-24 16:34:00,220 [INFO] IPUIPlugin:80 - create IPUIPlugin
2024-11-24 16:34:00,220 [INFO] PluginManager:220 - loadIPPluginJar : add tracer_emb
2024-11-24 16:34:00,226 [INFO] IPUIPlugin:80 - create IPUIPlugin
2024-11-24 16:34:00,226 [INFO] PluginManager:220 - loadIPPluginJar : add ts
2024-11-24 16:34:00,232 [INFO] IPUIPlugin:80 - create IPUIPlugin
2024-11-24 16:34:00,232 [INFO] PluginManager:220 - loadIPPluginJar : add tsc
2024-11-24 16:34:00,238 [INFO] IPUIPlugin:80 - create IPUIPlugin
2024-11-24 16:34:00,238 [INFO] PluginManager:220 - loadIPPluginJar : add ucpd
2024-11-24 16:34:00,244 [INFO] IPUIPlugin:80 - create IPUIPlugin
2024-11-24 16:34:00,244 [INFO] PluginManager:220 - loadIPPluginJar : add usart
2024-11-24 16:34:00,253 [INFO] IPUIPlugin:80 - create IPUIPlugin
2024-11-24 16:34:00,253 [INFO] PluginManager:220 - loadIPPluginJar : add usbx
2024-11-24 16:34:00,391 [INFO] CADModel:165 - CPN selected for project level
2024-11-24 16:34:00,391 [INFO] CADModel:114 - Register for checkConnection events
2024-11-24 16:34:00,392 [FATAL] Updater:308 - Updater called before beeing initialized
2024-11-24 16:34:00,392 [ERROR] CADModel:125 - Updater not yet initialized, retry later 
2024-11-24 16:34:00,562 [INFO] CADModel:165 - CPN selected for project level
2024-11-24 16:34:00,562 [INFO] CADModel:114 - Register for checkConnection events
2024-11-24 16:34:00,563 [FATAL] Updater:308 - Updater called before beeing initialized
2024-11-24 16:34:00,563 [ERROR] CADModel:125 - Updater not yet initialized, retry later 
2024-11-24 16:34:00,566 [FATAL] Updater:308 - Updater called before beeing initialized
2024-11-24 16:34:00,706 [FATAL] Updater:308 - Updater called before beeing initialized
2024-11-24 16:34:00,713 [INFO] DbMcusAds:53 - JSON generation date=Fri Sep 20 21:04:38 CST 2024 (1726837478367)
2024-11-24 16:34:00,713 [FATAL] Updater:308 - Updater called before beeing initialized
2024-11-24 16:34:00,810 [WARN] DetailPanel:346 - Failed to get advertising image, set to default
2024-11-24 16:34:00,909 [FATAL] Updater:308 - Updater called before beeing initialized
2024-11-24 16:34:00,912 [FATAL] Updater:308 - Updater called before beeing initialized
2024-11-24 16:34:00,913 [FATAL] Updater:308 - Updater called before beeing initialized
2024-11-24 16:34:00,913 [WARN] DetailPanel:346 - Failed to get advertising image, set to default
2024-11-24 16:34:00,914 [FATAL] Updater:308 - Updater called before beeing initialized
2024-11-24 16:34:00,967 [ERROR] Updater:1120 - MainUpdater not yet initialized. External WinMGr cannot be set.
2024-11-24 16:34:00,972 [INFO] Updater:1056 - Updater Version found : 6.10.0
2024-11-24 16:34:00,989 [INFO] ApplicationProperties:184 - Using Application install path: C:\my_workspace\my_software\stm32cubeide\STM32CubeIDE_1.14.1\STM32CubeIDE\plugins\com.st.stm32cube.common.mx_6.10.0.202311202037
2024-11-24 16:34:02,156 [INFO] ThirdPartyUpdaterWithRetryManager:70 - Updater plugin not ready yet. [2/15]
2024-11-24 16:34:02,580 [ERROR] LogOutputStream:75 - [STDERR_REDIRECT] Nov 24, 2024 4:34:02 PM java.util.prefs.WindowsPreferences <init>
2024-11-24 16:34:02,582 [ERROR] LogOutputStream:75 - [STDERR_REDIRECT] WARNING: Could not open/create prefs root node Software\JavaSoft\Prefs at root 0xffffffff80000002. Windows RegCreateKeyEx(...) returned error code 5.
2024-11-24 16:34:02,582 [ERROR] LogOutputStream:75 - [STDERR_REDIRECT] 
2024-11-24 16:34:02,850 [INFO] MainUpdater:2873 - connection check result : 22
2024-11-24 16:34:02,851 [INFO] MainUpdater:290 - Updater Check For Update Now.
2024-11-24 16:34:02,851 [INFO] MicroXplorer:498 - Change Database Version : DB.6.0.100
2024-11-24 16:34:02,859 [INFO] McuFinderGlobals:63 - Set McuFinder mode to 2 (CubeIDE integrated)
2024-11-24 16:34:02,860 [INFO] UserAuth:180 - activating auth plugin
2024-11-24 16:34:02,863 [INFO] UserAuth:404 - Internet connection configuration mode: 2
2024-11-24 16:34:02,891 [INFO] UserAuth:404 - Internet connection configuration mode: 2
2024-11-24 16:34:03,069 [INFO] CheckServerUpdateThread:120 - End of CheckServer Thread
2024-11-24 16:34:05,568 [WARN] PackLoader:240 - Cannot read IP mode file for STMicroelectronics.FP-SNS-MOTENVWB1.1.4.0
2024-11-24 16:34:05,582 [WARN] PackLoader:240 - Cannot read IP mode file for STMicroelectronics.X-CUBE-SMBUS.2.1.0
2024-11-24 16:34:05,597 [WARN] PackLoader:240 - Cannot read IP mode file for STMicroelectronics.X-CUBE-WB05N.1.1.0
2024-11-24 16:34:05,628 [WARN] PackLoader:240 - Cannot read IP mode file for STMicroelectronics.X-CUBE-AZRTOS-F7.1.1.0
2024-11-24 16:34:05,707 [WARN] PackLoader:240 - Cannot read IP mode file for STMicroelectronics.X-CUBE-MEMS1.11.0.0
2024-11-24 16:34:05,935 [WARN] PackLoader:240 - Cannot read IP mode file for STMicroelectronics.FP-SNS-FLIGHT1.5.0.2
2024-11-24 16:34:05,946 [WARN] PackLoader:240 - Cannot read IP mode file for STMicroelectronics.X-CUBE-DISPLAY.3.0.0
2024-11-24 16:34:05,956 [WARN] PackLoader:240 - Cannot read IP mode file for STMicroelectronics.X-CUBE-BLE1.7.0.0
2024-11-24 16:34:05,966 [WARN] PackLoader:240 - Cannot read IP mode file for STMicroelectronics.X-CUBE-NFC10.1.0.0
2024-11-24 16:34:05,978 [WARN] PackLoader:240 - Cannot read IP mode file for emotas.I-CUBE-CANOPEN.1.3.0
2024-11-24 16:34:05,994 [WARN] PackLoader:240 - Cannot read IP mode file for STMicroelectronics.X-CUBE-BLEMGR.3.1.0
2024-11-24 16:34:06,003 [WARN] PackLoader:240 - Cannot read IP mode file for STMicroelectronics.FP-SNS-SMARTAG2.1.2.0
2024-11-24 16:34:06,016 [INFO] LogOutputStream:77 - [STDOUT_REDIRECT] 1 : Invalid condition id : UX_CORESTACK_Condition cause : null
2024-11-24 16:34:06,017 [INFO] LogOutputStream:77 - [STDOUT_REDIRECT] 1 : Invalid condition id : UX_CORESTACK_Condition cause : null
2024-11-24 16:34:06,019 [INFO] LogOutputStream:77 - [STDOUT_REDIRECT] 1 : Invalid condition id : UX_CORESTACK_Condition cause : null
2024-11-24 16:34:06,019 [INFO] LogOutputStream:77 - [STDOUT_REDIRECT] 1 : Invalid condition id : UX_CORESTACK_Condition cause : null
2024-11-24 16:34:06,021 [INFO] LogOutputStream:77 - [STDOUT_REDIRECT] 1 : Invalid condition id : UX_CORESTACK_Condition cause : null
2024-11-24 16:34:06,023 [WARN] PackLoader:240 - Cannot read IP mode file for STMicroelectronics.X-CUBE-AZRTOS-WL.2.0.0
2024-11-24 16:34:06,032 [WARN] PackLoader:240 - Cannot read IP mode file for STMicroelectronics.FP-SNS-MOTENV1.5.0.0
2024-11-24 16:34:06,041 [WARN] PackLoader:240 - Cannot read IP mode file for wolfSSL.I-CUBE-wolfMQTT.1.19.0
2024-11-24 16:34:06,047 [WARN] PackLoader:240 - Cannot read IP mode file for STMicroelectronics.X-CUBE-BLE2.3.3.0
2024-11-24 16:34:06,058 [WARN] PackLoader:240 - Cannot read IP mode file for STMicroelectronics.X-CUBE-NFC9.1.0.0
2024-11-24 16:34:06,067 [WARN] PackLoader:240 - Cannot read IP mode file for STMicroelectronics.X-CUBE-TCPP.4.1.0
2024-11-24 16:34:06,085 [WARN] PackLoader:240 - Cannot read IP mode file for STMicroelectronics.X-CUBE-AZRTOS-G0.1.1.0
2024-11-24 16:34:06,094 [WARN] PackLoader:240 - Cannot read IP mode file for STMicroelectronics.X-CUBE-SAFEA1.1.2.2
2024-11-24 16:34:06,105 [WARN] PackLoader:240 - Cannot read IP mode file for STMicroelectronics.X-CUBE-NFC4.3.0.0
2024-11-24 16:34:06,116 [WARN] PackLoader:240 - Cannot read IP mode file for EmbeddedOffice.I-CUBE-FS-RTOS.1.0.1
2024-11-24 16:34:06,116 [ERROR] ConditionMgr:805 - Attr not supported : Dmpu
2024-11-24 16:34:06,116 [ERROR] ConditionMgr:805 - Attr not supported : Dmpu
2024-11-24 16:34:06,116 [ERROR] ConditionMgr:805 - Attr not supported : Dmpu
2024-11-24 16:34:06,117 [ERROR] ConditionMgr:805 - Attr not supported : Dmpu
2024-11-24 16:34:06,117 [ERROR] ConditionMgr:805 - Attr not supported : Dmpu
2024-11-24 16:34:06,117 [ERROR] ConditionMgr:805 - Attr not supported : Dmpu
2024-11-24 16:34:06,117 [ERROR] ConditionMgr:805 - Attr not supported : Dmpu
2024-11-24 16:34:06,117 [ERROR] ConditionMgr:805 - Attr not supported : Dmpu
2024-11-24 16:34:06,117 [ERROR] ConditionMgr:805 - Attr not supported : Dmpu
2024-11-24 16:34:06,117 [ERROR] ConditionMgr:805 - Attr not supported : Dmpu
2024-11-24 16:34:06,117 [ERROR] ConditionMgr:805 - Attr not supported : Dmpu
2024-11-24 16:34:06,117 [ERROR] ConditionMgr:805 - Attr not supported : Dmpu
2024-11-24 16:34:06,117 [ERROR] ConditionMgr:805 - Attr not supported : Dmpu
2024-11-24 16:34:06,117 [ERROR] ConditionMgr:805 - Attr not supported : Dmpu
2024-11-24 16:34:06,117 [ERROR] ConditionMgr:805 - Attr not supported : Dmpu
2024-11-24 16:34:06,117 [ERROR] ConditionMgr:805 - Attr not supported : Dmpu
2024-11-24 16:34:06,117 [ERROR] ConditionMgr:805 - Attr not supported : Dmpu
2024-11-24 16:34:06,117 [ERROR] ConditionMgr:805 - Attr not supported : Dmpu
2024-11-24 16:34:06,118 [ERROR] ConditionMgr:805 - Attr not supported : Dmpu
2024-11-24 16:34:06,118 [ERROR] ConditionMgr:805 - Attr not supported : Dmpu
2024-11-24 16:34:06,118 [ERROR] ConditionMgr:805 - Attr not supported : Dmpu
2024-11-24 16:34:06,118 [ERROR] ConditionMgr:805 - Attr not supported : Dmpu
2024-11-24 16:34:06,118 [ERROR] ConditionMgr:805 - Attr not supported : Dmpu
2024-11-24 16:34:06,118 [ERROR] ConditionMgr:805 - Attr not supported : Dmpu
2024-11-24 16:34:06,118 [ERROR] ConditionMgr:805 - Attr not supported : Dmpu
2024-11-24 16:34:06,118 [ERROR] ConditionMgr:805 - Attr not supported : Dmpu
2024-11-24 16:34:06,118 [ERROR] ConditionMgr:805 - Attr not supported : Dmpu
2024-11-24 16:34:06,118 [ERROR] ConditionMgr:805 - Attr not supported : Dmpu
2024-11-24 16:34:06,118 [ERROR] ConditionMgr:805 - Attr not supported : Dmpu
2024-11-24 16:34:06,118 [ERROR] ConditionMgr:805 - Attr not supported : Dmpu
2024-11-24 16:34:06,118 [ERROR] ConditionMgr:805 - Attr not supported : Dmpu
2024-11-24 16:34:06,118 [ERROR] ConditionMgr:805 - Attr not supported : Dmpu
2024-11-24 16:34:06,118 [ERROR] ConditionMgr:805 - Attr not supported : Dmpu
2024-11-24 16:34:06,118 [ERROR] ConditionMgr:805 - Attr not supported : Dmpu
2024-11-24 16:34:06,119 [ERROR] ConditionMgr:805 - Attr not supported : Dmpu
2024-11-24 16:34:06,119 [ERROR] ConditionMgr:805 - Attr not supported : Dmpu
2024-11-24 16:34:06,119 [ERROR] ConditionMgr:805 - Attr not supported : Dmpu
2024-11-24 16:34:06,119 [ERROR] ConditionMgr:805 - Attr not supported : Dmpu
2024-11-24 16:34:06,119 [ERROR] ConditionMgr:805 - Attr not supported : Dmpu
2024-11-24 16:34:06,119 [ERROR] ConditionMgr:805 - Attr not supported : Dmpu
2024-11-24 16:34:06,119 [ERROR] ConditionMgr:805 - Attr not supported : Dmpu
2024-11-24 16:34:06,120 [ERROR] ConditionMgr:805 - Attr not supported : Dmpu
2024-11-24 16:34:06,120 [ERROR] ConditionMgr:805 - Attr not supported : Dmpu
2024-11-24 16:34:06,120 [ERROR] ConditionMgr:805 - Attr not supported : Dmpu
2024-11-24 16:34:06,120 [ERROR] ConditionMgr:805 - Attr not supported : Dmpu
2024-11-24 16:34:06,120 [ERROR] ConditionMgr:805 - Attr not supported : Dmpu
2024-11-24 16:34:06,120 [ERROR] ConditionMgr:805 - Attr not supported : Dmpu
2024-11-24 16:34:06,120 [ERROR] ConditionMgr:805 - Attr not supported : Dmpu
2024-11-24 16:34:06,120 [ERROR] ConditionMgr:805 - Attr not supported : Dmpu
2024-11-24 16:34:06,120 [ERROR] ConditionMgr:805 - Attr not supported : Dmpu
2024-11-24 16:34:06,121 [ERROR] ConditionMgr:805 - Attr not supported : Dmpu
2024-11-24 16:34:06,121 [ERROR] ConditionMgr:805 - Attr not supported : Dmpu
2024-11-24 16:34:06,121 [ERROR] ConditionMgr:805 - Attr not supported : Dmpu
2024-11-24 16:34:06,121 [ERROR] ConditionMgr:805 - Attr not supported : Dmpu
2024-11-24 16:34:06,121 [ERROR] ConditionMgr:805 - Attr not supported : Dmpu
2024-11-24 16:34:06,121 [ERROR] ConditionMgr:805 - Attr not supported : Dmpu
2024-11-24 16:34:06,121 [ERROR] ConditionMgr:805 - Attr not supported : Dmpu
2024-11-24 16:34:06,121 [ERROR] ConditionMgr:805 - Attr not supported : Dmpu
2024-11-24 16:34:06,121 [ERROR] ConditionMgr:805 - Attr not supported : Dmpu
2024-11-24 16:34:06,121 [ERROR] ConditionMgr:805 - Attr not supported : Dmpu
2024-11-24 16:34:06,121 [ERROR] ConditionMgr:805 - Attr not supported : Dmpu
2024-11-24 16:34:06,121 [ERROR] ConditionMgr:805 - Attr not supported : Dmpu
2024-11-24 16:34:06,121 [ERROR] ConditionMgr:805 - Attr not supported : Dmpu
2024-11-24 16:34:06,121 [ERROR] ConditionMgr:805 - Attr not supported : Dmpu
2024-11-24 16:34:06,131 [WARN] PackLoader:240 - Cannot read IP mode file for RealThread.X-CUBE-RT-Thread_Nano.4.1.1
2024-11-24 16:34:06,138 [WARN] PackLoader:240 - Cannot read IP mode file for STMicroelectronics.FP-ATR-SIGFOX1.3.2.0
2024-11-24 16:34:06,145 [WARN] PackLoader:240 - Cannot read IP mode file for wolfSSL.I-CUBE-wolfSSL.5.7.2
2024-11-24 16:34:06,153 [WARN] PackLoader:240 - Cannot read IP mode file for STMicroelectronics.X-CUBE-EEPRMA1.5.1.0
2024-11-24 16:34:06,162 [WARN] PackLoader:240 - Cannot read IP mode file for ITTIA_DB.I-CUBE-ITTIADB.8.9.0
2024-11-24 16:34:06,190 [WARN] PackLoader:240 - Cannot read IP mode file for SEGGER.I-CUBE-embOS.1.3.1
2024-11-24 16:34:06,232 [WARN] PackLoader:240 - Cannot read IP mode file for STMicroelectronics.X-CUBE-ALGOBUILD.1.4.0
2024-11-24 16:34:06,241 [WARN] PackLoader:240 - Cannot read IP mode file for STMicroelectronics.X-CUBE-AI.9.1.0
2024-11-24 16:34:06,258 [WARN] PackLoader:240 - Cannot read IP mode file for STMicroelectronics.X-CUBE-AZRTOS-F4.1.1.0
2024-11-24 16:34:06,267 [WARN] PackLoader:240 - Cannot read IP mode file for STMicroelectronics.X-CUBE-ISPU.2.1.0
2024-11-24 16:34:06,274 [WARN] PackLoader:240 - Cannot read IP mode file for STMicroelectronics.X-CUBE-FREERTOS.1.2.0
2024-11-24 16:34:06,298 [WARN] PackLoader:240 - Cannot read IP mode file for STMicroelectronics.X-CUBE-AZRTOS-L5.2.0.0
2024-11-24 16:34:06,311 [WARN] PackLoader:240 - Cannot read IP mode file for STMicroelectronics.X-CUBE-NFC6.3.1.0
2024-11-24 16:34:06,322 [WARN] PackLoader:240 - Cannot read IP mode file for STMicroelectronics.X-CUBE-DPower.1.2.0
2024-11-24 16:34:06,330 [WARN] PackLoader:240 - Cannot read IP mode file for STMicroelectronics.X-CUBE-NFC7.1.0.1
2024-11-24 16:34:06,379 [WARN] ConditionMgr:438 - getConditionDescription Invalid condition id : LAN8742 Phy interface Condition cause : null
2024-11-24 16:34:06,380 [WARN] PackLoader:240 - Cannot read IP mode file for STMicroelectronics.X-CUBE-AZRTOS-L4.2.0.0
2024-11-24 16:34:06,385 [WARN] ConditionMgr:1039 - genDependencies : Invalid condition id : LAN8742 Phy interface Condition cause : null
2024-11-24 16:34:06,386 [WARN] ConditionMgr:1039 - genDependencies : Invalid condition id : LAN8742 Phy interface Condition cause : null
2024-11-24 16:34:06,386 [WARN] ConditionMgr:1039 - genDependencies : Invalid condition id : LAN8742 Phy interface Condition cause : null
2024-11-24 16:34:06,396 [WARN] PackLoader:240 - Cannot read IP mode file for STMicroelectronics.X-CUBE-SFXS2LP1.4.0.0
2024-11-24 16:34:06,416 [WARN] PackLoader:240 - Cannot read IP mode file for STMicroelectronics.X-CUBE-AZRTOS-H7.3.3.0
2024-11-24 16:34:06,433 [WARN] PackLoader:240 - Cannot read IP mode file for STMicroelectronics.X-CUBE-IPS.3.0.0
2024-11-24 16:34:06,456 [WARN] ConditionMgr:438 - getConditionDescription Invalid condition id : UX DEVICE CLASS RTOS Condition cause : null
2024-11-24 16:34:06,456 [WARN] ConditionMgr:438 - getConditionDescription Invalid condition id : UX DEVICE CLASS RTOS Condition cause : null
2024-11-24 16:34:06,459 [WARN] PackLoader:240 - Cannot read IP mode file for STMicroelectronics.X-CUBE-AZRTOS-WB.2.0.0
2024-11-24 16:34:06,460 [WARN] ConditionMgr:1039 - genDependencies : Invalid condition id : UX DEVICE CLASS RTOS Condition cause : null
2024-11-24 16:34:06,460 [WARN] ConditionMgr:1039 - genDependencies : Invalid condition id : UX DEVICE CLASS RTOS Condition cause : null
2024-11-24 16:34:06,460 [WARN] ConditionMgr:1039 - genDependencies : Invalid condition id : UX DEVICE CLASS RTOS Condition cause : null
2024-11-24 16:34:06,461 [WARN] ConditionMgr:1039 - genDependencies : Invalid condition id : UX DEVICE CLASS RTOS Condition cause : null
2024-11-24 16:34:06,461 [WARN] ConditionMgr:1039 - genDependencies : Invalid condition id : UX DEVICE CLASS RTOS Condition cause : null
2024-11-24 16:34:06,470 [WARN] PackLoader:240 - Cannot read IP mode file for STMicroelectronics.X-CUBE-GNSS1.7.0.0
2024-11-24 16:34:06,480 [WARN] PackLoader:240 - Cannot read IP mode file for STMicroelectronics.FP-SNS-STBOX1.2.0.0
2024-11-24 16:34:06,496 [WARN] PackLoader:240 - Cannot read IP mode file for STMicroelectronics.X-CUBE-SUBG2.5.0.0
2024-11-24 16:34:06,516 [WARN] PackLoader:240 - Cannot read IP mode file for STMicroelectronics.X-CUBE-AZRTOS-G4.2.0.0
2024-11-24 16:34:06,526 [WARN] PackLoader:240 - Cannot read IP mode file for STMicroelectronics.X-CUBE-ALS.1.0.2
2024-11-24 16:34:06,535 [WARN] PackLoader:240 - Cannot read IP mode file for STMicroelectronics.X-CUBE-TOUCHGFX.4.24.1
2024-11-24 16:34:06,542 [WARN] PackLoader:240 - Cannot read IP mode file for wolfSSL.I-CUBE-wolfTPM.3.4.0
2024-11-24 16:34:06,550 [WARN] PackLoader:240 - Cannot read IP mode file for portGmbH.I-Cube-SoM-uGOAL.1.1.0
2024-11-24 16:34:06,572 [WARN] PackLoader:240 - Cannot read IP mode file for STMicroelectronics.X-CUBE-AZRTOS-H7RS.1.0.0
2024-11-24 16:34:06,580 [WARN] PackLoader:240 - Cannot read IP mode file for STMicroelectronics.FP-ATR-ASTRA1.2.0.0
2024-11-24 16:34:06,594 [WARN] PackLoader:240 - Cannot read IP mode file for STMicroelectronics.X-CUBE-TOF1.3.4.2
2024-11-24 16:34:06,616 [WARN] PackLoader:240 - Cannot read IP mode file for wolfSSL.I-CUBE-wolfSSH.1.4.17
2024-11-24 16:34:06,617 [INFO] ThirdParty:978 - Integrity check success = true
2024-11-24 16:34:06,617 [INFO] IntegrityCheckThread:100 - exiting critical section [integrity check]
2024-11-24 16:34:06,617 [INFO] IntegrityCheckThread:103 - End integrity checks thread
2024-11-24 16:34:23,649 [ERROR] LogOutputStream:75 - [STDERR_REDIRECT] SLF4J: Failed to load class "org.slf4j.impl.StaticLoggerBinder".
2024-11-24 16:34:23,650 [ERROR] LogOutputStream:75 - [STDERR_REDIRECT] SLF4J: Defaulting to no-operation (NOP) logger implementation
2024-11-24 16:34:23,651 [ERROR] LogOutputStream:75 - [STDERR_REDIRECT] SLF4J: See http://www.slf4j.org/codes.html#StaticLoggerBinder for further details.
2024-11-24 16:34:53,763 [ERROR] ConfigurationRetriever:142 - IOException on connection: sw-center.st.com
2024-11-24 16:34:53,764 [ERROR] ConfigurationRetriever:142 - IOException on connection: sw-center.st.com
2024-11-24 16:34:53,764 [ERROR] ConfigurationRetriever:142 - IOException on connection: sw-center.st.com
2024-11-24 16:38:54,902 [ERROR] ConfigurationRetriever:142 - IOException on connection: sw-center.st.com
2024-11-24 16:38:54,903 [ERROR] ConfigurationRetriever:142 - IOException on connection: sw-center.st.com
2024-11-24 16:38:54,904 [ERROR] ConfigurationRetriever:142 - IOException on connection: sw-center.st.com
2024-11-24 16:43:00,568 [ERROR] ConfigurationRetriever:142 - IOException on connection: sw-center.st.com
2024-11-24 16:43:00,570 [ERROR] ConfigurationRetriever:142 - IOException on connection: sw-center.st.com
2024-11-24 16:43:00,570 [ERROR] ConfigurationRetriever:142 - IOException on connection: sw-center.st.com
2024-11-24 16:43:01,701 [ERROR] LogOutputStream:75 - [STDERR_REDIRECT] 
