2024-10-22 21:46:47,066 [INFO] Activator:176 - 


2024-10-22 21:46:47,076 [INFO] Activator:177 - !SESSION log4j initialized
2024-10-22 21:46:53,062 [INFO] LogOutputStream:77 - [STDOUT_REDIRECT] 
2024-10-22 21:46:55,774 [INFO] ApplicationProperties:184 - Using Application install path: C:\my_workspace\my_software\stm32cubeide\STM32CubeIDE_1.14.1\STM32CubeIDE\plugins\com.st.stm32cube.common.mx_6.10.0.202311202037
2024-10-22 21:46:55,795 [INFO] DbMcusXml:78 - Set database path to: C:\my_workspace\my_software\stm32cubeide\STM32CubeIDE_1.14.1\STM32CubeIDE\plugins\com.st.stm32cube.common.mx_6.10.0.202311202037\\db\/mcu/
2024-10-22 21:46:55,796 [INFO] ApiDb:274 - Set plugin database path to: C:\my_workspace\my_software\stm32cubeide\STM32CubeIDE_1.14.1\STM32CubeIDE\plugins\com.st.stm32cube.common.mx_6.10.0.202311202037\\db\/plugins/boardmanager/
2024-10-22 21:46:55,796 [WARN] ApiDb:259 - Overriding images path with different value:  => C:\my_workspace\my_software\stm32cubeide\STM32CubeIDE_1.14.1\STM32CubeIDE\plugins\com.st.stm32cube.common.mx_6.10.0.202311202037\\db\/plugins/mcufinder/images/
2024-10-22 21:46:55,827 [INFO] ApiDb:250 - Set database path to: C:\Users\ECA1WX\.stmcufinder\plugins\mcufinder//mcu/
2024-10-22 21:46:55,829 [INFO] DbMcusAds:125 - Set database path to: C:\Users\ECA1WX\.stmcufinder\plugins\mcufinder//mcu/
2024-10-22 21:46:55,830 [INFO] CrossReferenceDbSqlite:203 - Set database path to: C:\Users\ECA1WX\.stmcufinder\plugins\mcufinder//mcu/cs/
2024-10-22 21:46:56,003 [INFO] RulesReader:64 - Compatibility file has been processed (297 Rules)
2024-10-22 21:46:56,150 [INFO] DbMcusXml:78 - Set database path to: C:\my_workspace\my_software\stm32cubeide\STM32CubeIDE_1.14.1\STM32CubeIDE\plugins\com.st.stm32cube.common.mx_6.10.0.202311202037\\db\/mcu/
2024-10-22 21:46:56,150 [INFO] ApiDb:274 - Set plugin database path to: C:\my_workspace\my_software\stm32cubeide\STM32CubeIDE_1.14.1\STM32CubeIDE\plugins\com.st.stm32cube.common.mx_6.10.0.202311202037\\db\/plugins/boardmanager/
2024-10-22 21:46:56,150 [INFO] ApiDb:261 - Set plugin images path to: C:\my_workspace\my_software\stm32cubeide\STM32CubeIDE_1.14.1\STM32CubeIDE\plugins\com.st.stm32cube.common.mx_6.10.0.202311202037\\db\/plugins/mcufinder/images/
2024-10-22 21:46:56,150 [WARN] DbFile:41 - Overriding database path with different value: C:\Users\ECA1WX\.stmcufinder\plugins\mcufinder/ => C:\Users\ECA1WX\.stmcufinder\plugins\mcufinder
2024-10-22 21:46:56,151 [INFO] ApiDb:250 - Set database path to: C:\Users\ECA1WX\.stmcufinder\plugins\mcufinder//mcu/
2024-10-22 21:46:56,151 [WARN] DbFile:41 - Overriding database path with different value: C:\Users\ECA1WX\.stmcufinder\plugins\mcufinder/ => C:\Users\ECA1WX\.stmcufinder\plugins\mcufinder
2024-10-22 21:46:56,151 [INFO] DbMcusAds:125 - Set database path to: C:\Users\ECA1WX\.stmcufinder\plugins\mcufinder//mcu/
2024-10-22 21:46:56,151 [WARN] DbFile:41 - Overriding database path with different value: C:\Users\ECA1WX\.stmcufinder\plugins\mcufinder/ => C:\Users\ECA1WX\.stmcufinder\plugins\mcufinder
2024-10-22 21:46:56,151 [WARN] DbFile:41 - Overriding database path with different value: C:\Users\ECA1WX\.stmcufinder\plugins\mcufinder/ => C:\Users\ECA1WX\.stmcufinder\plugins\mcufinder
2024-10-22 21:46:56,151 [INFO] CrossReferenceDbSqlite:203 - Set database path to: C:\Users\ECA1WX\.stmcufinder\plugins\mcufinder//mcu/cs/
2024-10-22 21:46:56,292 [INFO] MainPanel:264 - HeapMemory: 268435456
2024-10-22 21:46:56,427 [INFO] DbMcusXml:78 - Set database path to: C:\my_workspace\my_software\stm32cubeide\STM32CubeIDE_1.14.1\STM32CubeIDE\plugins\com.st.stm32cube.common.mx_6.10.0.202311202037\\db\/mcu/
2024-10-22 21:46:56,428 [INFO] ApiDb:274 - Set plugin database path to: C:\my_workspace\my_software\stm32cubeide\STM32CubeIDE_1.14.1\STM32CubeIDE\plugins\com.st.stm32cube.common.mx_6.10.0.202311202037\\db\/plugins/boardmanager/
2024-10-22 21:46:56,428 [INFO] ApiDb:261 - Set plugin images path to: C:\my_workspace\my_software\stm32cubeide\STM32CubeIDE_1.14.1\STM32CubeIDE\plugins\com.st.stm32cube.common.mx_6.10.0.202311202037\\db\/plugins/mcufinder/images/
2024-10-22 21:46:56,428 [WARN] DbFile:41 - Overriding database path with different value: C:\Users\ECA1WX\.stmcufinder\plugins\mcufinder/ => C:\Users\ECA1WX\.stmcufinder\plugins\mcufinder
2024-10-22 21:46:56,428 [INFO] ApiDb:250 - Set database path to: C:\Users\ECA1WX\.stmcufinder\plugins\mcufinder//mcu/
2024-10-22 21:46:56,428 [WARN] DbFile:41 - Overriding database path with different value: C:\Users\ECA1WX\.stmcufinder\plugins\mcufinder/ => C:\Users\ECA1WX\.stmcufinder\plugins\mcufinder
2024-10-22 21:46:56,428 [INFO] DbMcusAds:125 - Set database path to: C:\Users\ECA1WX\.stmcufinder\plugins\mcufinder//mcu/
2024-10-22 21:46:56,428 [WARN] DbFile:41 - Overriding database path with different value: C:\Users\ECA1WX\.stmcufinder\plugins\mcufinder/ => C:\Users\ECA1WX\.stmcufinder\plugins\mcufinder
2024-10-22 21:46:56,428 [WARN] DbFile:41 - Overriding database path with different value: C:\Users\ECA1WX\.stmcufinder\plugins\mcufinder/ => C:\Users\ECA1WX\.stmcufinder\plugins\mcufinder
2024-10-22 21:46:56,429 [INFO] CrossReferenceDbSqlite:203 - Set database path to: C:\Users\ECA1WX\.stmcufinder\plugins\mcufinder//mcu/cs/
2024-10-22 21:46:56,451 [INFO] ApplicationProperties:184 - Using Application install path: C:\my_workspace\my_software\stm32cubeide\STM32CubeIDE_1.14.1\STM32CubeIDE\plugins\com.st.stm32cube.common.mx_6.10.0.202311202037
2024-10-22 21:46:56,453 [INFO] PluginManage:196 - Search for loadable plugins [exclusion list=, ]
2024-10-22 21:46:56,454 [INFO] PluginManage:310 - Check plugin analytics
2024-10-22 21:46:56,676 [INFO] AnalyticsPlugin:253 - Accepted Software Licenses: STM32CubeMX.6.12.0,STM32CubeMX.6.10.0
2024-10-22 21:46:56,677 [INFO] AnalyticsPlugin:255 - Accepted CMSIS Pack Licenses: 
2024-10-22 21:46:56,677 [INFO] AnalyticsPlugin:257 - Accepted Firmware Licenses: FW.F7.1.17.0
2024-10-22 21:46:56,684 [INFO] PluginManage:359 - Loaded plugin analytics (category:tool,tabindex:-1)
2024-10-22 21:46:56,684 [INFO] PluginManage:310 - Check plugin cadmodel
2024-10-22 21:46:56,733 [INFO] CADModel:105 - Init CAD model plugin
2024-10-22 21:46:56,733 [INFO] PluginManage:359 - Loaded plugin cadmodel (category:power,tabindex:5)
2024-10-22 21:46:56,733 [INFO] PluginManage:310 - Check plugin clock
2024-10-22 21:46:56,758 [INFO] PluginManage:359 - Loaded plugin clock (category:base,tabindex:2)
2024-10-22 21:46:56,758 [INFO] PluginManage:310 - Check plugin ddr
2024-10-22 21:46:56,761 [INFO] PluginManage:359 - Loaded plugin ddr (category:tool,tabindex:6)
2024-10-22 21:46:56,761 [INFO] PluginManage:310 - Check plugin filemanager
2024-10-22 21:46:56,930 [INFO] PluginManage:359 - Loaded plugin filemanager (category:base,tabindex:10)
2024-10-22 21:46:56,930 [INFO] PluginManage:310 - Check plugin ipmanager
2024-10-22 21:46:56,938 [INFO] PluginManage:359 - Loaded plugin ipmanager (category:base,tabindex:5)
2024-10-22 21:46:56,938 [INFO] PluginManage:310 - Check plugin lpbam
2024-10-22 21:46:56,953 [INFO] PluginManage:359 - Loaded plugin lpbam (category:base,tabindex:0)
2024-10-22 21:46:56,953 [INFO] PluginManage:310 - Check plugin memorymap
2024-10-22 21:46:56,981 [INFO] PluginManage:359 - Loaded plugin memorymap (category:base,tabindex:4)
2024-10-22 21:46:56,981 [INFO] PluginManage:310 - Check plugin pinoutandconfiguration
2024-10-22 21:46:56,999 [INFO] PluginManage:359 - Loaded plugin pinoutandconfiguration (category:base,tabindex:1)
2024-10-22 21:46:56,999 [INFO] PluginManage:310 - Check plugin pinoutconfig
2024-10-22 21:46:57,098 [WARN] SupportedApi:132 - Cannot load RTOS API schema: s4s-elt-must-match.1: The content of 'definitions' must match (annotation?, (simpleType | complexType)?, (unique | key | keyref)*)). A problem was found starting at: attribute.
2024-10-22 21:46:57,246 [INFO] PluginManage:359 - Loaded plugin pinoutconfig (category:base,tabindex:0)
2024-10-22 21:46:57,246 [INFO] PluginManage:310 - Check plugin power
2024-10-22 21:46:57,370 [INFO] PluginManage:359 - Loaded plugin power (category:power,tabindex:4)
2024-10-22 21:46:57,370 [INFO] PluginManage:310 - Check plugin projectmanager
2024-10-22 21:46:57,388 [INFO] PluginManage:359 - Loaded plugin projectmanager (category:projectmanager,tabindex:3)
2024-10-22 21:46:57,388 [INFO] PluginManage:310 - Check plugin thirdparty
2024-10-22 21:46:57,562 [INFO] PluginManage:359 - Loaded plugin thirdparty (category:base,tabindex:-1)
2024-10-22 21:46:57,562 [INFO] PluginManage:310 - Check plugin tools
2024-10-22 21:46:57,562 [WARN] IntegrityCheckThread:84 - waiting for thirdparty lock release [integrity check]
2024-10-22 21:46:57,562 [INFO] IntegrityCheckThread:86 - entering critical section [integrity check]
2024-10-22 21:46:57,563 [INFO] ThirdPartyUpdaterWithRetryManager:70 - Updater plugin not ready yet. [1/15]
2024-10-22 21:46:57,572 [INFO] PluginManage:359 - Loaded plugin tools (category:base,tabindex:7)
2024-10-22 21:46:57,572 [INFO] PluginManage:310 - Check plugin tutovideos
2024-10-22 21:46:57,780 [INFO] PluginManage:359 - Loaded plugin tutovideos (category:base,tabindex:-1)
2024-10-22 21:46:57,780 [INFO] PluginManage:310 - Check plugin updater
2024-10-22 21:46:57,791 [INFO] PluginManage:359 - Loaded plugin updater (category:base,tabindex:12)
2024-10-22 21:46:57,791 [INFO] PluginManage:310 - Check plugin userauth
2024-10-22 21:46:57,797 [INFO] UserAuth:114 - Init User Auth plugin
2024-10-22 21:46:57,797 [INFO] PluginManage:359 - Loaded plugin userauth (category:base,tabindex:14)
2024-10-22 21:46:57,797 [INFO] PluginManage:283 - PluginManage : Loaded plugins [17]
2024-10-22 21:46:58,050 [INFO] PinOutPanel:1499 - setPackage(No Configuration,No Configuration)
2024-10-22 21:46:58,140 [INFO] CADModel:165 - CPN selected for project level
2024-10-22 21:46:58,140 [INFO] CADModel:114 - Register for checkConnection events
2024-10-22 21:46:58,167 [INFO] IPUIPlugin:80 - create IPUIPlugin
2024-10-22 21:46:58,167 [INFO] PluginManager:220 - loadIPPluginJar : add adc
2024-10-22 21:46:58,176 [INFO] IPUIPlugin:80 - create IPUIPlugin
2024-10-22 21:46:58,176 [INFO] PluginManager:220 - loadIPPluginJar : add aes
2024-10-22 21:46:58,187 [INFO] IPUIPlugin:80 - create IPUIPlugin
2024-10-22 21:46:58,187 [INFO] PluginManager:220 - loadIPPluginJar : add can
2024-10-22 21:46:58,196 [INFO] IPUIPlugin:80 - create IPUIPlugin
2024-10-22 21:46:58,196 [INFO] PluginManager:220 - loadIPPluginJar : add comp
2024-10-22 21:46:58,207 [INFO] IPUIPlugin:80 - create IPUIPlugin
2024-10-22 21:46:58,208 [INFO] PluginManager:220 - loadIPPluginJar : add cryp
2024-10-22 21:46:58,218 [INFO] IPUIPlugin:80 - create IPUIPlugin
2024-10-22 21:46:58,219 [INFO] PluginManager:220 - loadIPPluginJar : add dfsdm
2024-10-22 21:46:58,233 [INFO] IPUIPlugin:80 - create IPUIPlugin
2024-10-22 21:46:58,235 [INFO] PluginManager:220 - loadIPPluginJar : add dma
2024-10-22 21:46:58,245 [INFO] IPUIPlugin:80 - create IPUIPlugin
2024-10-22 21:46:58,245 [INFO] PluginManager:220 - loadIPPluginJar : add dma3
2024-10-22 21:46:58,254 [INFO] IPUIPlugin:80 - create IPUIPlugin
2024-10-22 21:46:58,255 [INFO] PluginManager:220 - loadIPPluginJar : add fatfs
2024-10-22 21:46:58,266 [INFO] IPUIPlugin:80 - create IPUIPlugin
2024-10-22 21:46:58,266 [INFO] PluginManager:220 - loadIPPluginJar : add fmc
2024-10-22 21:46:58,282 [INFO] IPUIPlugin:80 - create IPUIPlugin
2024-10-22 21:46:58,283 [INFO] PluginManager:220 - loadIPPluginJar : add freertos
2024-10-22 21:46:58,292 [INFO] IPUIPlugin:80 - create IPUIPlugin
2024-10-22 21:46:58,293 [INFO] PluginManager:220 - loadIPPluginJar : add genericplugin
2024-10-22 21:46:58,300 [INFO] IPUIPlugin:80 - create IPUIPlugin
2024-10-22 21:46:58,302 [INFO] PluginManager:220 - loadIPPluginJar : add gfxmmu
2024-10-22 21:46:58,315 [INFO] IPUIPlugin:80 - create IPUIPlugin
2024-10-22 21:46:58,315 [INFO] PluginManager:220 - loadIPPluginJar : add gic
2024-10-22 21:46:58,327 [INFO] IPUIPlugin:80 - create IPUIPlugin
2024-10-22 21:46:58,327 [INFO] PluginManager:220 - loadIPPluginJar : add gpio
2024-10-22 21:46:58,335 [INFO] IPUIPlugin:80 - create IPUIPlugin
2024-10-22 21:46:58,335 [INFO] PluginManager:220 - loadIPPluginJar : add gtzc
2024-10-22 21:46:58,345 [INFO] IPUIPlugin:80 - create IPUIPlugin
2024-10-22 21:46:58,345 [INFO] PluginManager:220 - loadIPPluginJar : add hash
2024-10-22 21:46:58,359 [INFO] IPUIPlugin:80 - create IPUIPlugin
2024-10-22 21:46:58,359 [INFO] PluginManager:220 - loadIPPluginJar : add i2c
2024-10-22 21:46:58,371 [INFO] IPUIPlugin:80 - create IPUIPlugin
2024-10-22 21:46:58,371 [INFO] PluginManager:220 - loadIPPluginJar : add i2s
2024-10-22 21:46:58,387 [INFO] IPUIPlugin:80 - create IPUIPlugin
2024-10-22 21:46:58,387 [INFO] PluginManager:220 - loadIPPluginJar : add i3c
2024-10-22 21:46:58,402 [INFO] IPUIPlugin:80 - create IPUIPlugin
2024-10-22 21:46:58,402 [INFO] PluginManager:220 - loadIPPluginJar : add ipddr
2024-10-22 21:46:58,421 [INFO] IPUIPlugin:80 - create IPUIPlugin
2024-10-22 21:46:58,421 [INFO] PluginManager:220 - loadIPPluginJar : add linkedlist
2024-10-22 21:46:58,429 [INFO] IPUIPlugin:80 - create IPUIPlugin
2024-10-22 21:46:58,429 [INFO] PluginManager:220 - loadIPPluginJar : add lorawan
2024-10-22 21:46:58,435 [INFO] IPUIPlugin:80 - create IPUIPlugin
2024-10-22 21:46:58,435 [INFO] PluginManager:220 - loadIPPluginJar : add ltdc
2024-10-22 21:46:58,448 [INFO] IPUIPlugin:80 - create IPUIPlugin
2024-10-22 21:46:58,449 [INFO] PluginManager:220 - loadIPPluginJar : add mdma
2024-10-22 21:46:58,464 [INFO] IPUIPlugin:80 - create IPUIPlugin
2024-10-22 21:46:58,464 [INFO] PluginManager:220 - loadIPPluginJar : add nvic
2024-10-22 21:46:58,473 [INFO] IPUIPlugin:80 - create IPUIPlugin
2024-10-22 21:46:58,473 [INFO] PluginManager:220 - loadIPPluginJar : add opamp
2024-10-22 21:46:58,485 [INFO] IPUIPlugin:80 - create IPUIPlugin
2024-10-22 21:46:58,485 [INFO] PluginManager:220 - loadIPPluginJar : add openamp
2024-10-22 21:46:58,500 [INFO] IPUIPlugin:80 - create IPUIPlugin
2024-10-22 21:46:58,500 [INFO] PluginManager:220 - loadIPPluginJar : add pdm2pcm
2024-10-22 21:46:58,519 [INFO] IPUIPlugin:80 - create IPUIPlugin
2024-10-22 21:46:58,523 [INFO] PluginManager:220 - loadIPPluginJar : add plateformsettings
2024-10-22 21:46:58,532 [INFO] IPUIPlugin:80 - create IPUIPlugin
2024-10-22 21:46:58,533 [INFO] PluginManager:220 - loadIPPluginJar : add quadspi
2024-10-22 21:46:58,549 [INFO] IPUIPlugin:80 - create IPUIPlugin
2024-10-22 21:46:58,549 [INFO] PluginManager:220 - loadIPPluginJar : add resmgrutility
2024-10-22 21:46:58,562 [INFO] IPUIPlugin:80 - create IPUIPlugin
2024-10-22 21:46:58,562 [INFO] PluginManager:220 - loadIPPluginJar : add sai
2024-10-22 21:46:58,571 [INFO] IPUIPlugin:80 - create IPUIPlugin
2024-10-22 21:46:58,571 [INFO] PluginManager:220 - loadIPPluginJar : add spi
2024-10-22 21:46:58,583 [INFO] IPUIPlugin:80 - create IPUIPlugin
2024-10-22 21:46:58,583 [INFO] PluginManager:220 - loadIPPluginJar : add stm32_wpan
2024-10-22 21:46:58,589 [INFO] IPUIPlugin:80 - create IPUIPlugin
2024-10-22 21:46:58,590 [INFO] PluginManager:220 - loadIPPluginJar : add tim
2024-10-22 21:46:58,600 [INFO] IPUIPlugin:80 - create IPUIPlugin
2024-10-22 21:46:58,600 [INFO] PluginManager:220 - loadIPPluginJar : add touchsensing
2024-10-22 21:46:58,605 [INFO] IPUIPlugin:80 - create IPUIPlugin
2024-10-22 21:46:58,605 [INFO] PluginManager:220 - loadIPPluginJar : add tracer_emb
2024-10-22 21:46:58,612 [INFO] IPUIPlugin:80 - create IPUIPlugin
2024-10-22 21:46:58,613 [INFO] PluginManager:220 - loadIPPluginJar : add ts
2024-10-22 21:46:58,619 [INFO] IPUIPlugin:80 - create IPUIPlugin
2024-10-22 21:46:58,619 [INFO] PluginManager:220 - loadIPPluginJar : add tsc
2024-10-22 21:46:58,624 [INFO] IPUIPlugin:80 - create IPUIPlugin
2024-10-22 21:46:58,624 [INFO] PluginManager:220 - loadIPPluginJar : add ucpd
2024-10-22 21:46:58,635 [INFO] IPUIPlugin:80 - create IPUIPlugin
2024-10-22 21:46:58,635 [INFO] PluginManager:220 - loadIPPluginJar : add usart
2024-10-22 21:46:58,644 [INFO] IPUIPlugin:80 - create IPUIPlugin
2024-10-22 21:46:58,644 [INFO] PluginManager:220 - loadIPPluginJar : add usbx
2024-10-22 21:46:58,789 [INFO] CADModel:165 - CPN selected for project level
2024-10-22 21:46:58,789 [INFO] CADModel:114 - Register for checkConnection events
2024-10-22 21:46:58,790 [FATAL] Updater:308 - Updater called before beeing initialized
2024-10-22 21:46:58,790 [ERROR] CADModel:125 - Updater not yet initialized, retry later 
2024-10-22 21:46:59,006 [INFO] CADModel:165 - CPN selected for project level
2024-10-22 21:46:59,007 [INFO] CADModel:114 - Register for checkConnection events
2024-10-22 21:46:59,007 [FATAL] Updater:308 - Updater called before beeing initialized
2024-10-22 21:46:59,007 [ERROR] CADModel:125 - Updater not yet initialized, retry later 
2024-10-22 21:46:59,012 [FATAL] Updater:308 - Updater called before beeing initialized
2024-10-22 21:46:59,203 [FATAL] Updater:308 - Updater called before beeing initialized
2024-10-22 21:46:59,206 [INFO] DbMcusAds:53 - JSON generation date=Fri Sep 20 21:04:23 CST 2024 (1726837463113)
2024-10-22 21:46:59,206 [FATAL] Updater:308 - Updater called before beeing initialized
2024-10-22 21:46:59,292 [WARN] DetailPanel:346 - Failed to get advertising image, set to default
2024-10-22 21:46:59,383 [FATAL] Updater:308 - Updater called before beeing initialized
2024-10-22 21:46:59,385 [FATAL] Updater:308 - Updater called before beeing initialized
2024-10-22 21:46:59,385 [FATAL] Updater:308 - Updater called before beeing initialized
2024-10-22 21:46:59,385 [WARN] DetailPanel:346 - Failed to get advertising image, set to default
2024-10-22 21:46:59,386 [FATAL] Updater:308 - Updater called before beeing initialized
2024-10-22 21:46:59,434 [ERROR] Updater:1120 - MainUpdater not yet initialized. External WinMGr cannot be set.
2024-10-22 21:46:59,438 [INFO] Updater:1056 - Updater Version found : 6.10.0
2024-10-22 21:46:59,449 [INFO] ApplicationProperties:184 - Using Application install path: C:\my_workspace\my_software\stm32cubeide\STM32CubeIDE_1.14.1\STM32CubeIDE\plugins\com.st.stm32cube.common.mx_6.10.0.202311202037
2024-10-22 21:47:00,563 [INFO] ThirdPartyUpdaterWithRetryManager:70 - Updater plugin not ready yet. [2/15]
2024-10-22 21:47:01,040 [ERROR] LogOutputStream:75 - [STDERR_REDIRECT] Oct 22, 2024 9:47:01 PM java.util.prefs.WindowsPreferences <init>
2024-10-22 21:47:01,042 [ERROR] LogOutputStream:75 - [STDERR_REDIRECT] WARNING: Could not open/create prefs root node Software\JavaSoft\Prefs at root 0xffffffff80000002. Windows RegCreateKeyEx(...) returned error code 5.
2024-10-22 21:47:01,042 [ERROR] LogOutputStream:75 - [STDERR_REDIRECT] 
2024-10-22 21:47:01,442 [INFO] MainUpdater:2873 - connection check result : 10
2024-10-22 21:47:01,442 [INFO] MainUpdater:3567 - Updater definition file requires update
2024-10-22 21:47:01,443 [INFO] MainUpdater:290 - Updater Check For Update Now.
2024-10-22 21:47:01,443 [INFO] MicroXplorer:498 - Change Database Version : DB.6.0.100
2024-10-22 21:47:01,459 [INFO] McuFinderGlobals:63 - Set McuFinder mode to 2 (CubeIDE integrated)
2024-10-22 21:47:01,460 [INFO] UserAuth:180 - activating auth plugin
2024-10-22 21:47:01,461 [INFO] UserAuth:404 - Internet connection configuration mode: 1
2024-10-22 21:47:01,481 [INFO] JxBrowserEngine:152 - Initiate JxBrowser Engine with user profile folder
2024-10-22 21:47:01,633 [INFO] ServerAccessManage:473 - Download File updaters.zip
2024-10-22 21:47:01,852 [INFO] FileExtend:240 - Unzip File : updaters.zip
2024-10-22 21:47:01,853 [INFO] FileExtend:255 - Standard Zip Deflate
2024-10-22 21:47:02,834 [INFO] ServerAccessManage:473 - Download File PacksControlFlags.xml
2024-10-22 21:47:02,988 [INFO] ServerAccessManage:473 - Download File cubemx.pidx
2024-10-22 21:47:03,081 [INFO] LoadServerUpdatesThread:375 - End of LoadServerUpdate Thread
2024-10-22 21:47:03,256 [INFO] CheckServerUpdateThread:120 - End of CheckServer Thread
2024-10-22 21:47:03,600 [INFO] WebApp:161 - Instantiating new browser for Auth
2024-10-22 21:47:04,063 [WARN] PackLoader:240 - Cannot read IP mode file for STMicroelectronics.FP-SNS-MOTENVWB1.1.4.0
2024-10-22 21:47:04,105 [WARN] PackLoader:240 - Cannot read IP mode file for STMicroelectronics.X-CUBE-SMBUS.2.1.0
2024-10-22 21:47:04,124 [WARN] PackLoader:240 - Cannot read IP mode file for STMicroelectronics.X-CUBE-WB05N.1.1.0
2024-10-22 21:47:04,161 [WARN] PackLoader:240 - Cannot read IP mode file for STMicroelectronics.X-CUBE-AZRTOS-F7.1.1.0
2024-10-22 21:47:04,223 [WARN] PackLoader:240 - Cannot read IP mode file for STMicroelectronics.X-CUBE-MEMS1.11.0.0
2024-10-22 21:47:04,405 [WARN] PackLoader:240 - Cannot read IP mode file for STMicroelectronics.FP-SNS-FLIGHT1.5.0.2
2024-10-22 21:47:04,418 [WARN] PackLoader:240 - Cannot read IP mode file for STMicroelectronics.X-CUBE-DISPLAY.3.0.0
2024-10-22 21:47:04,433 [WARN] PackLoader:240 - Cannot read IP mode file for STMicroelectronics.X-CUBE-BLE1.7.0.0
2024-10-22 21:47:04,450 [WARN] PackLoader:240 - Cannot read IP mode file for STMicroelectronics.X-CUBE-NFC10.1.0.0
2024-10-22 21:47:04,464 [WARN] PackLoader:240 - Cannot read IP mode file for emotas.I-CUBE-CANOPEN.1.3.0
2024-10-22 21:47:04,478 [WARN] PackLoader:240 - Cannot read IP mode file for STMicroelectronics.X-CUBE-BLEMGR.3.1.0
2024-10-22 21:47:04,489 [WARN] PackLoader:240 - Cannot read IP mode file for STMicroelectronics.FP-SNS-SMARTAG2.1.2.0
2024-10-22 21:47:04,500 [INFO] LogOutputStream:77 - [STDOUT_REDIRECT] 1 : Invalid condition id : UX_CORESTACK_Condition cause : null
2024-10-22 21:47:04,501 [INFO] LogOutputStream:77 - [STDOUT_REDIRECT] 1 : Invalid condition id : UX_CORESTACK_Condition cause : null
2024-10-22 21:47:04,502 [INFO] LogOutputStream:77 - [STDOUT_REDIRECT] 1 : Invalid condition id : UX_CORESTACK_Condition cause : null
2024-10-22 21:47:04,503 [INFO] LogOutputStream:77 - [STDOUT_REDIRECT] 1 : Invalid condition id : UX_CORESTACK_Condition cause : null
2024-10-22 21:47:04,504 [INFO] LogOutputStream:77 - [STDOUT_REDIRECT] 1 : Invalid condition id : UX_CORESTACK_Condition cause : null
2024-10-22 21:47:04,507 [WARN] PackLoader:240 - Cannot read IP mode file for STMicroelectronics.X-CUBE-AZRTOS-WL.2.0.0
2024-10-22 21:47:04,515 [WARN] PackLoader:240 - Cannot read IP mode file for STMicroelectronics.FP-SNS-MOTENV1.5.0.0
2024-10-22 21:47:04,524 [WARN] PackLoader:240 - Cannot read IP mode file for wolfSSL.I-CUBE-wolfMQTT.1.19.0
2024-10-22 21:47:04,531 [WARN] PackLoader:240 - Cannot read IP mode file for STMicroelectronics.X-CUBE-BLE2.3.3.0
2024-10-22 21:47:04,541 [WARN] PackLoader:240 - Cannot read IP mode file for STMicroelectronics.X-CUBE-NFC9.1.0.0
2024-10-22 21:47:04,552 [WARN] PackLoader:240 - Cannot read IP mode file for STMicroelectronics.X-CUBE-TCPP.4.1.0
2024-10-22 21:47:04,575 [WARN] PackLoader:240 - Cannot read IP mode file for STMicroelectronics.X-CUBE-AZRTOS-G0.1.1.0
2024-10-22 21:47:04,590 [WARN] PackLoader:240 - Cannot read IP mode file for STMicroelectronics.X-CUBE-SAFEA1.1.2.2
2024-10-22 21:47:04,601 [WARN] PackLoader:240 - Cannot read IP mode file for STMicroelectronics.X-CUBE-NFC4.3.0.0
2024-10-22 21:47:04,617 [WARN] PackLoader:240 - Cannot read IP mode file for EmbeddedOffice.I-CUBE-FS-RTOS.1.0.1
2024-10-22 21:47:04,617 [ERROR] ConditionMgr:805 - Attr not supported : Dmpu
2024-10-22 21:47:04,617 [ERROR] ConditionMgr:805 - Attr not supported : Dmpu
2024-10-22 21:47:04,617 [ERROR] ConditionMgr:805 - Attr not supported : Dmpu
2024-10-22 21:47:04,617 [ERROR] ConditionMgr:805 - Attr not supported : Dmpu
2024-10-22 21:47:04,618 [ERROR] ConditionMgr:805 - Attr not supported : Dmpu
2024-10-22 21:47:04,618 [ERROR] ConditionMgr:805 - Attr not supported : Dmpu
2024-10-22 21:47:04,618 [ERROR] ConditionMgr:805 - Attr not supported : Dmpu
2024-10-22 21:47:04,618 [ERROR] ConditionMgr:805 - Attr not supported : Dmpu
2024-10-22 21:47:04,618 [ERROR] ConditionMgr:805 - Attr not supported : Dmpu
2024-10-22 21:47:04,618 [ERROR] ConditionMgr:805 - Attr not supported : Dmpu
2024-10-22 21:47:04,618 [ERROR] ConditionMgr:805 - Attr not supported : Dmpu
2024-10-22 21:47:04,618 [ERROR] ConditionMgr:805 - Attr not supported : Dmpu
2024-10-22 21:47:04,618 [ERROR] ConditionMgr:805 - Attr not supported : Dmpu
2024-10-22 21:47:04,618 [ERROR] ConditionMgr:805 - Attr not supported : Dmpu
2024-10-22 21:47:04,618 [ERROR] ConditionMgr:805 - Attr not supported : Dmpu
2024-10-22 21:47:04,619 [ERROR] ConditionMgr:805 - Attr not supported : Dmpu
2024-10-22 21:47:04,619 [ERROR] ConditionMgr:805 - Attr not supported : Dmpu
2024-10-22 21:47:04,619 [ERROR] ConditionMgr:805 - Attr not supported : Dmpu
2024-10-22 21:47:04,619 [ERROR] ConditionMgr:805 - Attr not supported : Dmpu
2024-10-22 21:47:04,619 [ERROR] ConditionMgr:805 - Attr not supported : Dmpu
2024-10-22 21:47:04,619 [ERROR] ConditionMgr:805 - Attr not supported : Dmpu
2024-10-22 21:47:04,619 [ERROR] ConditionMgr:805 - Attr not supported : Dmpu
2024-10-22 21:47:04,619 [ERROR] ConditionMgr:805 - Attr not supported : Dmpu
2024-10-22 21:47:04,619 [ERROR] ConditionMgr:805 - Attr not supported : Dmpu
2024-10-22 21:47:04,620 [ERROR] ConditionMgr:805 - Attr not supported : Dmpu
2024-10-22 21:47:04,620 [ERROR] ConditionMgr:805 - Attr not supported : Dmpu
2024-10-22 21:47:04,620 [ERROR] ConditionMgr:805 - Attr not supported : Dmpu
2024-10-22 21:47:04,620 [ERROR] ConditionMgr:805 - Attr not supported : Dmpu
2024-10-22 21:47:04,620 [ERROR] ConditionMgr:805 - Attr not supported : Dmpu
2024-10-22 21:47:04,620 [ERROR] ConditionMgr:805 - Attr not supported : Dmpu
2024-10-22 21:47:04,620 [ERROR] ConditionMgr:805 - Attr not supported : Dmpu
2024-10-22 21:47:04,621 [ERROR] ConditionMgr:805 - Attr not supported : Dmpu
2024-10-22 21:47:04,621 [ERROR] ConditionMgr:805 - Attr not supported : Dmpu
2024-10-22 21:47:04,621 [ERROR] ConditionMgr:805 - Attr not supported : Dmpu
2024-10-22 21:47:04,621 [ERROR] ConditionMgr:805 - Attr not supported : Dmpu
2024-10-22 21:47:04,621 [ERROR] ConditionMgr:805 - Attr not supported : Dmpu
2024-10-22 21:47:04,621 [ERROR] ConditionMgr:805 - Attr not supported : Dmpu
2024-10-22 21:47:04,621 [ERROR] ConditionMgr:805 - Attr not supported : Dmpu
2024-10-22 21:47:04,622 [ERROR] ConditionMgr:805 - Attr not supported : Dmpu
2024-10-22 21:47:04,622 [ERROR] ConditionMgr:805 - Attr not supported : Dmpu
2024-10-22 21:47:04,622 [ERROR] ConditionMgr:805 - Attr not supported : Dmpu
2024-10-22 21:47:04,622 [ERROR] ConditionMgr:805 - Attr not supported : Dmpu
2024-10-22 21:47:04,622 [ERROR] ConditionMgr:805 - Attr not supported : Dmpu
2024-10-22 21:47:04,622 [ERROR] ConditionMgr:805 - Attr not supported : Dmpu
2024-10-22 21:47:04,622 [ERROR] ConditionMgr:805 - Attr not supported : Dmpu
2024-10-22 21:47:04,622 [ERROR] ConditionMgr:805 - Attr not supported : Dmpu
2024-10-22 21:47:04,622 [ERROR] ConditionMgr:805 - Attr not supported : Dmpu
2024-10-22 21:47:04,622 [ERROR] ConditionMgr:805 - Attr not supported : Dmpu
2024-10-22 21:47:04,622 [ERROR] ConditionMgr:805 - Attr not supported : Dmpu
2024-10-22 21:47:04,622 [ERROR] ConditionMgr:805 - Attr not supported : Dmpu
2024-10-22 21:47:04,623 [ERROR] ConditionMgr:805 - Attr not supported : Dmpu
2024-10-22 21:47:04,623 [ERROR] ConditionMgr:805 - Attr not supported : Dmpu
2024-10-22 21:47:04,623 [ERROR] ConditionMgr:805 - Attr not supported : Dmpu
2024-10-22 21:47:04,623 [ERROR] ConditionMgr:805 - Attr not supported : Dmpu
2024-10-22 21:47:04,623 [ERROR] ConditionMgr:805 - Attr not supported : Dmpu
2024-10-22 21:47:04,623 [ERROR] ConditionMgr:805 - Attr not supported : Dmpu
2024-10-22 21:47:04,623 [ERROR] ConditionMgr:805 - Attr not supported : Dmpu
2024-10-22 21:47:04,623 [ERROR] ConditionMgr:805 - Attr not supported : Dmpu
2024-10-22 21:47:04,623 [ERROR] ConditionMgr:805 - Attr not supported : Dmpu
2024-10-22 21:47:04,623 [ERROR] ConditionMgr:805 - Attr not supported : Dmpu
2024-10-22 21:47:04,623 [ERROR] ConditionMgr:805 - Attr not supported : Dmpu
2024-10-22 21:47:04,623 [ERROR] ConditionMgr:805 - Attr not supported : Dmpu
2024-10-22 21:47:04,624 [ERROR] ConditionMgr:805 - Attr not supported : Dmpu
2024-10-22 21:47:04,624 [ERROR] ConditionMgr:805 - Attr not supported : Dmpu
2024-10-22 21:47:04,632 [INFO] WebApp:780 - Register for checkConnection events
2024-10-22 21:47:04,632 [INFO] WebApp:414 - Apply proxy settings
2024-10-22 21:47:04,632 [INFO] WebApp:499 - Chromium requires no authentication
2024-10-22 21:47:04,635 [WARN] PackLoader:240 - Cannot read IP mode file for RealThread.X-CUBE-RT-Thread_Nano.4.1.1
2024-10-22 21:47:04,642 [WARN] PackLoader:240 - Cannot read IP mode file for STMicroelectronics.FP-ATR-SIGFOX1.3.2.0
2024-10-22 21:47:04,646 [INFO] WebApp:442 - Direct internet connection detected
2024-10-22 21:47:04,649 [WARN] PackLoader:240 - Cannot read IP mode file for wolfSSL.I-CUBE-wolfSSL.5.7.2
2024-10-22 21:47:04,659 [WARN] PackLoader:240 - Cannot read IP mode file for STMicroelectronics.X-CUBE-EEPRMA1.5.1.0
2024-10-22 21:47:04,670 [WARN] PackLoader:240 - Cannot read IP mode file for ITTIA_DB.I-CUBE-ITTIADB.8.9.0
2024-10-22 21:47:04,711 [WARN] PackLoader:240 - Cannot read IP mode file for SEGGER.I-CUBE-embOS.1.3.1
2024-10-22 21:47:04,760 [WARN] PackLoader:240 - Cannot read IP mode file for STMicroelectronics.X-CUBE-ALGOBUILD.1.4.0
2024-10-22 21:47:04,768 [WARN] PackLoader:240 - Cannot read IP mode file for STMicroelectronics.X-CUBE-AI.9.1.0
2024-10-22 21:47:04,786 [WARN] PackLoader:240 - Cannot read IP mode file for STMicroelectronics.X-CUBE-AZRTOS-F4.1.1.0
2024-10-22 21:47:04,796 [WARN] PackLoader:240 - Cannot read IP mode file for STMicroelectronics.X-CUBE-ISPU.2.1.0
2024-10-22 21:47:04,805 [WARN] PackLoader:240 - Cannot read IP mode file for STMicroelectronics.X-CUBE-FREERTOS.1.2.0
2024-10-22 21:47:04,822 [WARN] PackLoader:240 - Cannot read IP mode file for STMicroelectronics.X-CUBE-AZRTOS-L5.2.0.0
2024-10-22 21:47:04,833 [WARN] PackLoader:240 - Cannot read IP mode file for STMicroelectronics.X-CUBE-NFC6.3.1.0
2024-10-22 21:47:04,843 [WARN] PackLoader:240 - Cannot read IP mode file for STMicroelectronics.X-CUBE-DPower.1.2.0
2024-10-22 21:47:04,852 [WARN] PackLoader:240 - Cannot read IP mode file for STMicroelectronics.X-CUBE-NFC7.1.0.1
2024-10-22 21:47:04,876 [WARN] ConditionMgr:438 - getConditionDescription Invalid condition id : LAN8742 Phy interface Condition cause : null
2024-10-22 21:47:04,877 [WARN] PackLoader:240 - Cannot read IP mode file for STMicroelectronics.X-CUBE-AZRTOS-L4.2.0.0
2024-10-22 21:47:04,879 [WARN] ConditionMgr:1039 - genDependencies : Invalid condition id : LAN8742 Phy interface Condition cause : null
2024-10-22 21:47:04,879 [WARN] ConditionMgr:1039 - genDependencies : Invalid condition id : LAN8742 Phy interface Condition cause : null
2024-10-22 21:47:04,880 [WARN] ConditionMgr:1039 - genDependencies : Invalid condition id : LAN8742 Phy interface Condition cause : null
2024-10-22 21:47:04,889 [WARN] PackLoader:240 - Cannot read IP mode file for STMicroelectronics.X-CUBE-SFXS2LP1.4.0.0
2024-10-22 21:47:04,913 [WARN] PackLoader:240 - Cannot read IP mode file for STMicroelectronics.X-CUBE-AZRTOS-H7.3.3.0
2024-10-22 21:47:04,925 [WARN] PackLoader:240 - Cannot read IP mode file for STMicroelectronics.X-CUBE-IPS.3.0.0
2024-10-22 21:47:04,945 [WARN] ConditionMgr:438 - getConditionDescription Invalid condition id : UX DEVICE CLASS RTOS Condition cause : null
2024-10-22 21:47:04,945 [WARN] ConditionMgr:438 - getConditionDescription Invalid condition id : UX DEVICE CLASS RTOS Condition cause : null
2024-10-22 21:47:04,947 [WARN] PackLoader:240 - Cannot read IP mode file for STMicroelectronics.X-CUBE-AZRTOS-WB.2.0.0
2024-10-22 21:47:04,948 [WARN] ConditionMgr:1039 - genDependencies : Invalid condition id : UX DEVICE CLASS RTOS Condition cause : null
2024-10-22 21:47:04,948 [WARN] ConditionMgr:1039 - genDependencies : Invalid condition id : UX DEVICE CLASS RTOS Condition cause : null
2024-10-22 21:47:04,949 [WARN] ConditionMgr:1039 - genDependencies : Invalid condition id : UX DEVICE CLASS RTOS Condition cause : null
2024-10-22 21:47:04,949 [WARN] ConditionMgr:1039 - genDependencies : Invalid condition id : UX DEVICE CLASS RTOS Condition cause : null
2024-10-22 21:47:04,949 [WARN] ConditionMgr:1039 - genDependencies : Invalid condition id : UX DEVICE CLASS RTOS Condition cause : null
2024-10-22 21:47:04,958 [WARN] PackLoader:240 - Cannot read IP mode file for STMicroelectronics.X-CUBE-GNSS1.7.0.0
2024-10-22 21:47:04,970 [WARN] PackLoader:240 - Cannot read IP mode file for STMicroelectronics.FP-SNS-STBOX1.2.0.0
2024-10-22 21:47:04,991 [WARN] PackLoader:240 - Cannot read IP mode file for STMicroelectronics.X-CUBE-SUBG2.5.0.0
2024-10-22 21:47:05,010 [INFO] WebApp:192 - Starting web application
2024-10-22 21:47:05,011 [INFO] WebApp:544 - Web application path used C:\my_workspace\my_software\stm32cubeide\STM32CubeIDE_1.14.1\STM32CubeIDE\plugins\com.st.stm32cube.common.mx_6.10.0.202311202037\db\plugins\mcufinder\reactClient1\index.html
2024-10-22 21:47:05,019 [WARN] PackLoader:240 - Cannot read IP mode file for STMicroelectronics.X-CUBE-AZRTOS-G4.2.0.0
2024-10-22 21:47:05,030 [WARN] PackLoader:240 - Cannot read IP mode file for STMicroelectronics.X-CUBE-ALS.1.0.2
2024-10-22 21:47:05,042 [WARN] PackLoader:240 - Cannot read IP mode file for STMicroelectronics.X-CUBE-TOUCHGFX.4.24.1
2024-10-22 21:47:05,049 [WARN] PackLoader:240 - Cannot read IP mode file for wolfSSL.I-CUBE-wolfTPM.3.4.0
2024-10-22 21:47:05,060 [WARN] PackLoader:240 - Cannot read IP mode file for portGmbH.I-Cube-SoM-uGOAL.1.1.0
2024-10-22 21:47:05,091 [WARN] PackLoader:240 - Cannot read IP mode file for STMicroelectronics.X-CUBE-AZRTOS-H7RS.1.0.0
2024-10-22 21:47:05,102 [WARN] PackLoader:240 - Cannot read IP mode file for STMicroelectronics.FP-ATR-ASTRA1.2.0.0
2024-10-22 21:47:05,114 [WARN] PackLoader:240 - Cannot read IP mode file for STMicroelectronics.X-CUBE-TOF1.3.4.2
2024-10-22 21:47:05,139 [WARN] PackLoader:240 - Cannot read IP mode file for wolfSSL.I-CUBE-wolfSSH.1.4.17
2024-10-22 21:47:05,141 [INFO] ThirdParty:978 - Integrity check success = true
2024-10-22 21:47:05,142 [INFO] IntegrityCheckThread:100 - exiting critical section [integrity check]
2024-10-22 21:47:05,142 [INFO] IntegrityCheckThread:103 - End integrity checks thread
2024-10-22 21:47:25,933 [ERROR] LogOutputStream:75 - [STDERR_REDIRECT] SLF4J: Failed to load class "org.slf4j.impl.StaticLoggerBinder".
2024-10-22 21:47:25,935 [ERROR] LogOutputStream:75 - [STDERR_REDIRECT] SLF4J: Defaulting to no-operation (NOP) logger implementation
2024-10-22 21:47:25,938 [ERROR] LogOutputStream:75 - [STDERR_REDIRECT] SLF4J: See http://www.slf4j.org/codes.html#StaticLoggerBinder for further details.
2024-10-22 22:10:45,286 [ERROR] LogOutputStream:75 - [STDERR_REDIRECT] 
2024-10-22 22:10:45,286 [ERROR] LogOutputStream:75 - [STDERR_REDIRECT] 
