2024-09-14 15:23:54,084 [INFO] Activator:176 - 


2024-09-14 15:23:54,091 [INFO] Activator:177 - !SESSION log4j initialized
2024-09-14 15:23:56,550 [INFO] LogOutputStream:77 - [STDOUT_REDIRECT] 
2024-09-14 15:24:02,102 [ERROR] ConfigurationRetriever:142 - IOException on connection: sw-center.st.com
2024-09-14 15:24:02,102 [ERROR] ConfigurationRetriever:142 - IOException on connection: sw-center.st.com
2024-09-14 15:24:02,103 [ERROR] ConfigurationRetriever:142 - IOException on connection: sw-center.st.com
2024-09-14 15:24:03,215 [INFO] ApplicationProperties:184 - Using Application install path: C:\my_workspace\my_software\stm32cubeide\STM32CubeIDE_1.14.1\STM32CubeIDE\plugins\com.st.stm32cube.common.mx_6.10.0.202311202037
2024-09-14 15:24:03,227 [INFO] DbMcusXml:78 - Set database path to: C:\my_workspace\my_software\stm32cubeide\STM32CubeIDE_1.14.1\STM32CubeIDE\plugins\com.st.stm32cube.common.mx_6.10.0.202311202037\\db\/mcu/
2024-09-14 15:24:03,227 [INFO] ApiDb:274 - Set plugin database path to: C:\my_workspace\my_software\stm32cubeide\STM32CubeIDE_1.14.1\STM32CubeIDE\plugins\com.st.stm32cube.common.mx_6.10.0.202311202037\\db\/plugins/boardmanager/
2024-09-14 15:24:03,227 [WARN] ApiDb:259 - Overriding images path with different value:  => C:\my_workspace\my_software\stm32cubeide\STM32CubeIDE_1.14.1\STM32CubeIDE\plugins\com.st.stm32cube.common.mx_6.10.0.202311202037\\db\/plugins/mcufinder/images/
2024-09-14 15:24:03,239 [INFO] ApiDb:250 - Set database path to: C:\Users\ECA1WX\.stmcufinder\plugins\mcufinder//mcu/
2024-09-14 15:24:03,240 [INFO] DbMcusAds:125 - Set database path to: C:\Users\ECA1WX\.stmcufinder\plugins\mcufinder//mcu/
2024-09-14 15:24:03,241 [INFO] CrossReferenceDbSqlite:203 - Set database path to: C:\Users\ECA1WX\.stmcufinder\plugins\mcufinder//mcu/cs/
2024-09-14 15:24:03,316 [INFO] RulesReader:64 - Compatibility file has been processed (297 Rules)
2024-09-14 15:24:03,380 [INFO] DbMcusXml:78 - Set database path to: C:\my_workspace\my_software\stm32cubeide\STM32CubeIDE_1.14.1\STM32CubeIDE\plugins\com.st.stm32cube.common.mx_6.10.0.202311202037\\db\/mcu/
2024-09-14 15:24:03,380 [INFO] ApiDb:274 - Set plugin database path to: C:\my_workspace\my_software\stm32cubeide\STM32CubeIDE_1.14.1\STM32CubeIDE\plugins\com.st.stm32cube.common.mx_6.10.0.202311202037\\db\/plugins/boardmanager/
2024-09-14 15:24:03,380 [INFO] ApiDb:261 - Set plugin images path to: C:\my_workspace\my_software\stm32cubeide\STM32CubeIDE_1.14.1\STM32CubeIDE\plugins\com.st.stm32cube.common.mx_6.10.0.202311202037\\db\/plugins/mcufinder/images/
2024-09-14 15:24:03,381 [WARN] DbFile:41 - Overriding database path with different value: C:\Users\ECA1WX\.stmcufinder\plugins\mcufinder/ => C:\Users\ECA1WX\.stmcufinder\plugins\mcufinder
2024-09-14 15:24:03,381 [INFO] ApiDb:250 - Set database path to: C:\Users\ECA1WX\.stmcufinder\plugins\mcufinder//mcu/
2024-09-14 15:24:03,381 [WARN] DbFile:41 - Overriding database path with different value: C:\Users\ECA1WX\.stmcufinder\plugins\mcufinder/ => C:\Users\ECA1WX\.stmcufinder\plugins\mcufinder
2024-09-14 15:24:03,381 [INFO] DbMcusAds:125 - Set database path to: C:\Users\ECA1WX\.stmcufinder\plugins\mcufinder//mcu/
2024-09-14 15:24:03,381 [WARN] DbFile:41 - Overriding database path with different value: C:\Users\ECA1WX\.stmcufinder\plugins\mcufinder/ => C:\Users\ECA1WX\.stmcufinder\plugins\mcufinder
2024-09-14 15:24:03,381 [WARN] DbFile:41 - Overriding database path with different value: C:\Users\ECA1WX\.stmcufinder\plugins\mcufinder/ => C:\Users\ECA1WX\.stmcufinder\plugins\mcufinder
2024-09-14 15:24:03,381 [INFO] CrossReferenceDbSqlite:203 - Set database path to: C:\Users\ECA1WX\.stmcufinder\plugins\mcufinder//mcu/cs/
2024-09-14 15:24:03,433 [INFO] MainPanel:264 - HeapMemory: 268435456
2024-09-14 15:24:03,489 [INFO] DbMcusXml:78 - Set database path to: C:\my_workspace\my_software\stm32cubeide\STM32CubeIDE_1.14.1\STM32CubeIDE\plugins\com.st.stm32cube.common.mx_6.10.0.202311202037\\db\/mcu/
2024-09-14 15:24:03,489 [INFO] ApiDb:274 - Set plugin database path to: C:\my_workspace\my_software\stm32cubeide\STM32CubeIDE_1.14.1\STM32CubeIDE\plugins\com.st.stm32cube.common.mx_6.10.0.202311202037\\db\/plugins/boardmanager/
2024-09-14 15:24:03,489 [INFO] ApiDb:261 - Set plugin images path to: C:\my_workspace\my_software\stm32cubeide\STM32CubeIDE_1.14.1\STM32CubeIDE\plugins\com.st.stm32cube.common.mx_6.10.0.202311202037\\db\/plugins/mcufinder/images/
2024-09-14 15:24:03,489 [WARN] DbFile:41 - Overriding database path with different value: C:\Users\ECA1WX\.stmcufinder\plugins\mcufinder/ => C:\Users\ECA1WX\.stmcufinder\plugins\mcufinder
2024-09-14 15:24:03,489 [INFO] ApiDb:250 - Set database path to: C:\Users\ECA1WX\.stmcufinder\plugins\mcufinder//mcu/
2024-09-14 15:24:03,489 [WARN] DbFile:41 - Overriding database path with different value: C:\Users\ECA1WX\.stmcufinder\plugins\mcufinder/ => C:\Users\ECA1WX\.stmcufinder\plugins\mcufinder
2024-09-14 15:24:03,489 [INFO] DbMcusAds:125 - Set database path to: C:\Users\ECA1WX\.stmcufinder\plugins\mcufinder//mcu/
2024-09-14 15:24:03,489 [WARN] DbFile:41 - Overriding database path with different value: C:\Users\ECA1WX\.stmcufinder\plugins\mcufinder/ => C:\Users\ECA1WX\.stmcufinder\plugins\mcufinder
2024-09-14 15:24:03,490 [WARN] DbFile:41 - Overriding database path with different value: C:\Users\ECA1WX\.stmcufinder\plugins\mcufinder/ => C:\Users\ECA1WX\.stmcufinder\plugins\mcufinder
2024-09-14 15:24:03,490 [INFO] CrossReferenceDbSqlite:203 - Set database path to: C:\Users\ECA1WX\.stmcufinder\plugins\mcufinder//mcu/cs/
2024-09-14 15:24:03,515 [INFO] ApplicationProperties:184 - Using Application install path: C:\my_workspace\my_software\stm32cubeide\STM32CubeIDE_1.14.1\STM32CubeIDE\plugins\com.st.stm32cube.common.mx_6.10.0.202311202037
2024-09-14 15:24:03,516 [INFO] PluginManage:196 - Search for loadable plugins [exclusion list=, ]
2024-09-14 15:24:03,519 [INFO] PluginManage:310 - Check plugin analytics
2024-09-14 15:24:08,603 [INFO] AnalyticsPlugin:253 - Accepted Software Licenses: 
2024-09-14 15:24:08,604 [INFO] AnalyticsPlugin:255 - Accepted CMSIS Pack Licenses: 
2024-09-14 15:24:08,604 [INFO] AnalyticsPlugin:257 - Accepted Firmware Licenses: FW.F7.1.17.0
2024-09-14 15:24:08,606 [ERROR] ConfigurationRetriever:142 - IOException on connection: sw-center.st.com
2024-09-14 15:24:08,606 [INFO] PluginManage:359 - Loaded plugin analytics (category:tool,tabindex:-1)
2024-09-14 15:24:08,606 [INFO] PluginManage:310 - Check plugin cadmodel
2024-09-14 15:24:08,606 [ERROR] ConfigurationRetriever:142 - IOException on connection: sw-center.st.com
2024-09-14 15:24:08,606 [ERROR] ConfigurationRetriever:142 - IOException on connection: sw-center.st.com
2024-09-14 15:24:08,610 [INFO] CADModel:105 - Init CAD model plugin
2024-09-14 15:24:08,610 [INFO] PluginManage:359 - Loaded plugin cadmodel (category:power,tabindex:5)
2024-09-14 15:24:08,610 [INFO] PluginManage:310 - Check plugin clock
2024-09-14 15:24:08,615 [INFO] PluginManage:359 - Loaded plugin clock (category:base,tabindex:2)
2024-09-14 15:24:08,615 [INFO] PluginManage:310 - Check plugin ddr
2024-09-14 15:24:08,616 [INFO] PluginManage:359 - Loaded plugin ddr (category:tool,tabindex:6)
2024-09-14 15:24:08,616 [INFO] PluginManage:310 - Check plugin filemanager
2024-09-14 15:24:08,709 [INFO] PluginManage:359 - Loaded plugin filemanager (category:base,tabindex:10)
2024-09-14 15:24:08,709 [INFO] PluginManage:310 - Check plugin ipmanager
2024-09-14 15:24:08,716 [INFO] PluginManage:359 - Loaded plugin ipmanager (category:base,tabindex:5)
2024-09-14 15:24:08,716 [INFO] PluginManage:310 - Check plugin lpbam
2024-09-14 15:24:08,722 [INFO] PluginManage:359 - Loaded plugin lpbam (category:base,tabindex:0)
2024-09-14 15:24:08,722 [INFO] PluginManage:310 - Check plugin memorymap
2024-09-14 15:24:08,729 [INFO] PluginManage:359 - Loaded plugin memorymap (category:base,tabindex:4)
2024-09-14 15:24:08,730 [INFO] PluginManage:310 - Check plugin pinoutandconfiguration
2024-09-14 15:24:08,734 [INFO] PluginManage:359 - Loaded plugin pinoutandconfiguration (category:base,tabindex:1)
2024-09-14 15:24:08,734 [INFO] PluginManage:310 - Check plugin pinoutconfig
2024-09-14 15:24:08,785 [WARN] SupportedApi:132 - Cannot load RTOS API schema: s4s-elt-must-match.1: The content of 'definitions' must match (annotation?, (simpleType | complexType)?, (unique | key | keyref)*)). A problem was found starting at: attribute.
2024-09-14 15:24:08,857 [INFO] PluginManage:359 - Loaded plugin pinoutconfig (category:base,tabindex:0)
2024-09-14 15:24:08,857 [INFO] PluginManage:310 - Check plugin power
2024-09-14 15:24:08,863 [INFO] PluginManage:359 - Loaded plugin power (category:power,tabindex:4)
2024-09-14 15:24:08,863 [INFO] PluginManage:310 - Check plugin projectmanager
2024-09-14 15:24:08,876 [INFO] PluginManage:359 - Loaded plugin projectmanager (category:projectmanager,tabindex:3)
2024-09-14 15:24:08,876 [INFO] PluginManage:310 - Check plugin thirdparty
2024-09-14 15:24:08,949 [INFO] PluginManage:359 - Loaded plugin thirdparty (category:base,tabindex:-1)
2024-09-14 15:24:08,949 [INFO] PluginManage:310 - Check plugin tools
2024-09-14 15:24:08,949 [WARN] IntegrityCheckThread:84 - waiting for thirdparty lock release [integrity check]
2024-09-14 15:24:08,949 [INFO] IntegrityCheckThread:86 - entering critical section [integrity check]
2024-09-14 15:24:08,949 [INFO] ThirdPartyUpdaterWithRetryManager:70 - Updater plugin not ready yet. [1/15]
2024-09-14 15:24:08,951 [INFO] PluginManage:359 - Loaded plugin tools (category:base,tabindex:7)
2024-09-14 15:24:08,951 [INFO] PluginManage:310 - Check plugin tutovideos
2024-09-14 15:24:09,040 [INFO] PluginManage:359 - Loaded plugin tutovideos (category:base,tabindex:-1)
2024-09-14 15:24:09,040 [INFO] PluginManage:310 - Check plugin updater
2024-09-14 15:24:09,045 [INFO] PluginManage:359 - Loaded plugin updater (category:base,tabindex:12)
2024-09-14 15:24:09,045 [INFO] PluginManage:310 - Check plugin userauth
2024-09-14 15:24:09,049 [INFO] UserAuth:114 - Init User Auth plugin
2024-09-14 15:24:09,049 [INFO] PluginManage:359 - Loaded plugin userauth (category:base,tabindex:14)
2024-09-14 15:24:09,049 [INFO] PluginManage:283 - PluginManage : Loaded plugins [17]
2024-09-14 15:24:09,180 [INFO] PinOutPanel:1499 - setPackage(No Configuration,No Configuration)
2024-09-14 15:24:09,235 [INFO] CADModel:165 - CPN selected for project level
2024-09-14 15:24:09,236 [INFO] CADModel:114 - Register for checkConnection events
2024-09-14 15:24:09,248 [INFO] IPUIPlugin:80 - create IPUIPlugin
2024-09-14 15:24:09,248 [INFO] PluginManager:220 - loadIPPluginJar : add adc
2024-09-14 15:24:09,249 [INFO] IPUIPlugin:80 - create IPUIPlugin
2024-09-14 15:24:09,250 [INFO] PluginManager:220 - loadIPPluginJar : add aes
2024-09-14 15:24:09,251 [INFO] IPUIPlugin:80 - create IPUIPlugin
2024-09-14 15:24:09,251 [INFO] PluginManager:220 - loadIPPluginJar : add can
2024-09-14 15:24:09,252 [INFO] IPUIPlugin:80 - create IPUIPlugin
2024-09-14 15:24:09,252 [INFO] PluginManager:220 - loadIPPluginJar : add comp
2024-09-14 15:24:09,254 [INFO] IPUIPlugin:80 - create IPUIPlugin
2024-09-14 15:24:09,254 [INFO] PluginManager:220 - loadIPPluginJar : add cryp
2024-09-14 15:24:09,255 [INFO] IPUIPlugin:80 - create IPUIPlugin
2024-09-14 15:24:09,255 [INFO] PluginManager:220 - loadIPPluginJar : add dfsdm
2024-09-14 15:24:09,258 [INFO] IPUIPlugin:80 - create IPUIPlugin
2024-09-14 15:24:09,259 [INFO] PluginManager:220 - loadIPPluginJar : add dma
2024-09-14 15:24:09,260 [INFO] IPUIPlugin:80 - create IPUIPlugin
2024-09-14 15:24:09,260 [INFO] PluginManager:220 - loadIPPluginJar : add dma3
2024-09-14 15:24:09,261 [INFO] IPUIPlugin:80 - create IPUIPlugin
2024-09-14 15:24:09,262 [INFO] PluginManager:220 - loadIPPluginJar : add fatfs
2024-09-14 15:24:09,264 [INFO] IPUIPlugin:80 - create IPUIPlugin
2024-09-14 15:24:09,264 [INFO] PluginManager:220 - loadIPPluginJar : add fmc
2024-09-14 15:24:09,267 [INFO] IPUIPlugin:80 - create IPUIPlugin
2024-09-14 15:24:09,267 [INFO] PluginManager:220 - loadIPPluginJar : add freertos
2024-09-14 15:24:09,269 [INFO] IPUIPlugin:80 - create IPUIPlugin
2024-09-14 15:24:09,269 [INFO] PluginManager:220 - loadIPPluginJar : add genericplugin
2024-09-14 15:24:09,270 [INFO] IPUIPlugin:80 - create IPUIPlugin
2024-09-14 15:24:09,270 [INFO] PluginManager:220 - loadIPPluginJar : add gfxmmu
2024-09-14 15:24:09,273 [INFO] IPUIPlugin:80 - create IPUIPlugin
2024-09-14 15:24:09,273 [INFO] PluginManager:220 - loadIPPluginJar : add gic
2024-09-14 15:24:09,275 [INFO] IPUIPlugin:80 - create IPUIPlugin
2024-09-14 15:24:09,276 [INFO] PluginManager:220 - loadIPPluginJar : add gpio
2024-09-14 15:24:09,277 [INFO] IPUIPlugin:80 - create IPUIPlugin
2024-09-14 15:24:09,277 [INFO] PluginManager:220 - loadIPPluginJar : add gtzc
2024-09-14 15:24:09,279 [INFO] IPUIPlugin:80 - create IPUIPlugin
2024-09-14 15:24:09,279 [INFO] PluginManager:220 - loadIPPluginJar : add hash
2024-09-14 15:24:09,281 [INFO] IPUIPlugin:80 - create IPUIPlugin
2024-09-14 15:24:09,281 [INFO] PluginManager:220 - loadIPPluginJar : add i2c
2024-09-14 15:24:09,283 [INFO] IPUIPlugin:80 - create IPUIPlugin
2024-09-14 15:24:09,283 [INFO] PluginManager:220 - loadIPPluginJar : add i2s
2024-09-14 15:24:09,284 [INFO] IPUIPlugin:80 - create IPUIPlugin
2024-09-14 15:24:09,285 [INFO] PluginManager:220 - loadIPPluginJar : add i3c
2024-09-14 15:24:09,286 [INFO] IPUIPlugin:80 - create IPUIPlugin
2024-09-14 15:24:09,287 [INFO] PluginManager:220 - loadIPPluginJar : add ipddr
2024-09-14 15:24:09,291 [INFO] IPUIPlugin:80 - create IPUIPlugin
2024-09-14 15:24:09,291 [INFO] PluginManager:220 - loadIPPluginJar : add linkedlist
2024-09-14 15:24:09,293 [INFO] IPUIPlugin:80 - create IPUIPlugin
2024-09-14 15:24:09,293 [INFO] PluginManager:220 - loadIPPluginJar : add lorawan
2024-09-14 15:24:09,294 [INFO] IPUIPlugin:80 - create IPUIPlugin
2024-09-14 15:24:09,294 [INFO] PluginManager:220 - loadIPPluginJar : add ltdc
2024-09-14 15:24:09,297 [INFO] IPUIPlugin:80 - create IPUIPlugin
2024-09-14 15:24:09,297 [INFO] PluginManager:220 - loadIPPluginJar : add mdma
2024-09-14 15:24:09,299 [INFO] IPUIPlugin:80 - create IPUIPlugin
2024-09-14 15:24:09,299 [INFO] PluginManager:220 - loadIPPluginJar : add nvic
2024-09-14 15:24:09,300 [INFO] IPUIPlugin:80 - create IPUIPlugin
2024-09-14 15:24:09,300 [INFO] PluginManager:220 - loadIPPluginJar : add opamp
2024-09-14 15:24:09,302 [INFO] IPUIPlugin:80 - create IPUIPlugin
2024-09-14 15:24:09,302 [INFO] PluginManager:220 - loadIPPluginJar : add openamp
2024-09-14 15:24:09,304 [INFO] IPUIPlugin:80 - create IPUIPlugin
2024-09-14 15:24:09,304 [INFO] PluginManager:220 - loadIPPluginJar : add pdm2pcm
2024-09-14 15:24:09,307 [INFO] IPUIPlugin:80 - create IPUIPlugin
2024-09-14 15:24:09,308 [INFO] PluginManager:220 - loadIPPluginJar : add plateformsettings
2024-09-14 15:24:09,309 [INFO] IPUIPlugin:80 - create IPUIPlugin
2024-09-14 15:24:09,309 [INFO] PluginManager:220 - loadIPPluginJar : add quadspi
2024-09-14 15:24:09,312 [INFO] IPUIPlugin:80 - create IPUIPlugin
2024-09-14 15:24:09,312 [INFO] PluginManager:220 - loadIPPluginJar : add resmgrutility
2024-09-14 15:24:09,313 [INFO] IPUIPlugin:80 - create IPUIPlugin
2024-09-14 15:24:09,313 [INFO] PluginManager:220 - loadIPPluginJar : add sai
2024-09-14 15:24:09,315 [INFO] IPUIPlugin:80 - create IPUIPlugin
2024-09-14 15:24:09,315 [INFO] PluginManager:220 - loadIPPluginJar : add spi
2024-09-14 15:24:09,317 [INFO] IPUIPlugin:80 - create IPUIPlugin
2024-09-14 15:24:09,318 [INFO] PluginManager:220 - loadIPPluginJar : add stm32_wpan
2024-09-14 15:24:09,319 [INFO] IPUIPlugin:80 - create IPUIPlugin
2024-09-14 15:24:09,319 [INFO] PluginManager:220 - loadIPPluginJar : add tim
2024-09-14 15:24:09,320 [INFO] IPUIPlugin:80 - create IPUIPlugin
2024-09-14 15:24:09,320 [INFO] PluginManager:220 - loadIPPluginJar : add touchsensing
2024-09-14 15:24:09,321 [INFO] IPUIPlugin:80 - create IPUIPlugin
2024-09-14 15:24:09,321 [INFO] PluginManager:220 - loadIPPluginJar : add tracer_emb
2024-09-14 15:24:09,323 [INFO] IPUIPlugin:80 - create IPUIPlugin
2024-09-14 15:24:09,323 [INFO] PluginManager:220 - loadIPPluginJar : add ts
2024-09-14 15:24:09,324 [INFO] IPUIPlugin:80 - create IPUIPlugin
2024-09-14 15:24:09,324 [INFO] PluginManager:220 - loadIPPluginJar : add tsc
2024-09-14 15:24:09,325 [INFO] IPUIPlugin:80 - create IPUIPlugin
2024-09-14 15:24:09,325 [INFO] PluginManager:220 - loadIPPluginJar : add ucpd
2024-09-14 15:24:09,326 [INFO] IPUIPlugin:80 - create IPUIPlugin
2024-09-14 15:24:09,326 [INFO] PluginManager:220 - loadIPPluginJar : add usart
2024-09-14 15:24:09,329 [INFO] IPUIPlugin:80 - create IPUIPlugin
2024-09-14 15:24:09,329 [INFO] PluginManager:220 - loadIPPluginJar : add usbx
2024-09-14 15:24:09,439 [INFO] CADModel:165 - CPN selected for project level
2024-09-14 15:24:09,439 [INFO] CADModel:114 - Register for checkConnection events
2024-09-14 15:24:09,440 [FATAL] Updater:308 - Updater called before beeing initialized
2024-09-14 15:24:09,440 [ERROR] CADModel:125 - Updater not yet initialized, retry later 
2024-09-14 15:24:09,521 [INFO] CADModel:165 - CPN selected for project level
2024-09-14 15:24:09,521 [INFO] CADModel:114 - Register for checkConnection events
2024-09-14 15:24:09,521 [FATAL] Updater:308 - Updater called before beeing initialized
2024-09-14 15:24:09,521 [ERROR] CADModel:125 - Updater not yet initialized, retry later 
2024-09-14 15:24:09,523 [FATAL] Updater:308 - Updater called before beeing initialized
2024-09-14 15:24:09,604 [FATAL] Updater:308 - Updater called before beeing initialized
2024-09-14 15:24:09,607 [INFO] DbMcusAds:53 - JSON generation date=Thu Sep 30 14:55:09 CST 2021 (1632984909247)
2024-09-14 15:24:09,607 [FATAL] Updater:308 - Updater called before beeing initialized
2024-09-14 15:24:09,633 [WARN] DetailPanel:346 - Failed to get advertising image, set to default
2024-09-14 15:24:09,697 [FATAL] Updater:308 - Updater called before beeing initialized
2024-09-14 15:24:09,699 [FATAL] Updater:308 - Updater called before beeing initialized
2024-09-14 15:24:09,699 [FATAL] Updater:308 - Updater called before beeing initialized
2024-09-14 15:24:09,699 [WARN] DetailPanel:346 - Failed to get advertising image, set to default
2024-09-14 15:24:09,699 [FATAL] Updater:308 - Updater called before beeing initialized
2024-09-14 15:24:09,735 [ERROR] Updater:1120 - MainUpdater not yet initialized. External WinMGr cannot be set.
2024-09-14 15:24:09,739 [INFO] Updater:1056 - Updater Version found : 6.10.0
2024-09-14 15:24:09,753 [INFO] ApplicationProperties:184 - Using Application install path: C:\my_workspace\my_software\stm32cubeide\STM32CubeIDE_1.14.1\STM32CubeIDE\plugins\com.st.stm32cube.common.mx_6.10.0.202311202037
2024-09-14 15:24:11,327 [ERROR] LogOutputStream:75 - [STDERR_REDIRECT] Sep 14, 2024 3:24:11 PM java.util.prefs.WindowsPreferences <init>
2024-09-14 15:24:11,328 [ERROR] LogOutputStream:75 - [STDERR_REDIRECT] WARNING: Could not open/create prefs root node Software\JavaSoft\Prefs at root 0xffffffff80000002. Windows RegCreateKeyEx(...) returned error code 5.
2024-09-14 15:24:11,328 [ERROR] LogOutputStream:75 - [STDERR_REDIRECT] 
2024-09-14 15:24:11,463 [INFO] MainUpdater:2873 - connection check result : 22
2024-09-14 15:24:11,464 [INFO] MainUpdater:290 - Updater Check For Update Now.
2024-09-14 15:24:11,464 [INFO] MicroXplorer:498 - Change Database Version : DB.6.0.100
2024-09-14 15:24:11,471 [INFO] McuFinderGlobals:63 - Set McuFinder mode to 2 (CubeIDE integrated)
2024-09-14 15:24:11,471 [INFO] UserAuth:180 - activating auth plugin
2024-09-14 15:24:11,473 [INFO] UserAuth:404 - Internet connection configuration mode: 2
2024-09-14 15:24:11,491 [INFO] UserAuth:404 - Internet connection configuration mode: 2
2024-09-14 15:24:11,619 [INFO] CheckServerUpdateThread:120 - End of CheckServer Thread
2024-09-14 15:24:12,173 [WARN] PackLoader:240 - Cannot read IP mode file for STMicroelectronics.FP-SNS-MOTENVWB1.1.4.0
2024-09-14 15:24:12,182 [WARN] PackLoader:240 - Cannot read IP mode file for STMicroelectronics.X-CUBE-SMBUS.2.1.0
2024-09-14 15:24:12,187 [WARN] PackLoader:240 - Cannot read IP mode file for STMicroelectronics.X-CUBE-TOUCHGFX.4.23.1
2024-09-14 15:24:12,189 [WARN] PackLoader:240 - Cannot read IP mode file for STMicroelectronics.X-CUBE-TOUCHGFX.4.23.0
2024-09-14 15:24:12,190 [WARN] PackLoader:240 - Cannot read IP mode file for STMicroelectronics.X-CUBE-TOUCHGFX.4.23.2
2024-09-14 15:24:12,208 [WARN] PackLoader:240 - Cannot read IP mode file for STMicroelectronics.X-CUBE-AZRTOS-F7.1.1.0
2024-09-14 15:24:12,217 [WARN] PackLoader:240 - Cannot read IP mode file for STMicroelectronics.FP-SNS-MOTENV1.4.3.2
2024-09-14 15:24:12,223 [WARN] PackLoader:240 - Cannot read IP mode file for STMicroelectronics.FP-SNS-FLIGHT1.5.0.2
2024-09-14 15:24:12,230 [WARN] PackLoader:240 - Cannot read IP mode file for STMicroelectronics.X-CUBE-DISPLAY.3.0.0
2024-09-14 15:24:12,240 [WARN] PackLoader:240 - Cannot read IP mode file for STMicroelectronics.X-CUBE-BLE1.7.0.0
2024-09-14 15:24:12,246 [WARN] PackLoader:240 - Cannot read IP mode file for emotas.I-CUBE-CANOPEN.1.3.0
2024-09-14 15:24:12,251 [WARN] PackLoader:240 - Cannot read IP mode file for STMicroelectronics.FP-SNS-SMARTAG2.1.2.0
2024-09-14 15:24:12,259 [INFO] LogOutputStream:77 - [STDOUT_REDIRECT] 1 : Invalid condition id : UX_CORESTACK_Condition cause : null
2024-09-14 15:24:12,260 [INFO] LogOutputStream:77 - [STDOUT_REDIRECT] 1 : Invalid condition id : UX_CORESTACK_Condition cause : null
2024-09-14 15:24:12,261 [INFO] LogOutputStream:77 - [STDOUT_REDIRECT] 1 : Invalid condition id : UX_CORESTACK_Condition cause : null
2024-09-14 15:24:12,261 [INFO] LogOutputStream:77 - [STDOUT_REDIRECT] 1 : Invalid condition id : UX_CORESTACK_Condition cause : null
2024-09-14 15:24:12,262 [INFO] LogOutputStream:77 - [STDOUT_REDIRECT] 1 : Invalid condition id : UX_CORESTACK_Condition cause : null
2024-09-14 15:24:12,264 [WARN] PackLoader:240 - Cannot read IP mode file for STMicroelectronics.X-CUBE-AZRTOS-WL.2.0.0
2024-09-14 15:24:12,268 [WARN] PackLoader:240 - Cannot read IP mode file for STMicroelectronics.FP-SNS-MOTENV1.5.0.0
2024-09-14 15:24:12,273 [WARN] PackLoader:240 - Cannot read IP mode file for wolfSSL.I-CUBE-wolfMQTT.1.19.0
2024-09-14 15:24:12,277 [WARN] PackLoader:240 - Cannot read IP mode file for STMicroelectronics.X-CUBE-BLE2.3.3.0
2024-09-14 15:24:12,281 [WARN] PackLoader:240 - Cannot read IP mode file for STMicroelectronics.X-CUBE-TCPP.4.1.0
2024-09-14 15:24:12,288 [WARN] PackLoader:240 - Cannot read IP mode file for STMicroelectronics.X-CUBE-ALGOBUILD.1.3.0
2024-09-14 15:24:12,300 [WARN] PackLoader:240 - Cannot read IP mode file for STMicroelectronics.X-CUBE-AZRTOS-G0.1.1.0
2024-09-14 15:24:12,307 [WARN] PackLoader:240 - Cannot read IP mode file for STMicroelectronics.X-CUBE-SAFEA1.1.2.2
2024-09-14 15:24:12,312 [WARN] PackLoader:240 - Cannot read IP mode file for STMicroelectronics.X-CUBE-NFC4.3.0.0
2024-09-14 15:24:12,320 [WARN] PackLoader:240 - Cannot read IP mode file for EmbeddedOffice.I-CUBE-FS-RTOS.1.0.1
2024-09-14 15:24:12,320 [ERROR] ConditionMgr:805 - Attr not supported : Dmpu
2024-09-14 15:24:12,320 [ERROR] ConditionMgr:805 - Attr not supported : Dmpu
2024-09-14 15:24:12,321 [ERROR] ConditionMgr:805 - Attr not supported : Dmpu
2024-09-14 15:24:12,321 [ERROR] ConditionMgr:805 - Attr not supported : Dmpu
2024-09-14 15:24:12,321 [ERROR] ConditionMgr:805 - Attr not supported : Dmpu
2024-09-14 15:24:12,321 [ERROR] ConditionMgr:805 - Attr not supported : Dmpu
2024-09-14 15:24:12,321 [ERROR] ConditionMgr:805 - Attr not supported : Dmpu
2024-09-14 15:24:12,321 [ERROR] ConditionMgr:805 - Attr not supported : Dmpu
2024-09-14 15:24:12,321 [ERROR] ConditionMgr:805 - Attr not supported : Dmpu
2024-09-14 15:24:12,321 [ERROR] ConditionMgr:805 - Attr not supported : Dmpu
2024-09-14 15:24:12,321 [ERROR] ConditionMgr:805 - Attr not supported : Dmpu
2024-09-14 15:24:12,321 [ERROR] ConditionMgr:805 - Attr not supported : Dmpu
2024-09-14 15:24:12,321 [ERROR] ConditionMgr:805 - Attr not supported : Dmpu
2024-09-14 15:24:12,321 [ERROR] ConditionMgr:805 - Attr not supported : Dmpu
2024-09-14 15:24:12,321 [ERROR] ConditionMgr:805 - Attr not supported : Dmpu
2024-09-14 15:24:12,321 [ERROR] ConditionMgr:805 - Attr not supported : Dmpu
2024-09-14 15:24:12,321 [ERROR] ConditionMgr:805 - Attr not supported : Dmpu
2024-09-14 15:24:12,321 [ERROR] ConditionMgr:805 - Attr not supported : Dmpu
2024-09-14 15:24:12,321 [ERROR] ConditionMgr:805 - Attr not supported : Dmpu
2024-09-14 15:24:12,321 [ERROR] ConditionMgr:805 - Attr not supported : Dmpu
2024-09-14 15:24:12,321 [ERROR] ConditionMgr:805 - Attr not supported : Dmpu
2024-09-14 15:24:12,321 [ERROR] ConditionMgr:805 - Attr not supported : Dmpu
2024-09-14 15:24:12,321 [ERROR] ConditionMgr:805 - Attr not supported : Dmpu
2024-09-14 15:24:12,321 [ERROR] ConditionMgr:805 - Attr not supported : Dmpu
2024-09-14 15:24:12,321 [ERROR] ConditionMgr:805 - Attr not supported : Dmpu
2024-09-14 15:24:12,321 [ERROR] ConditionMgr:805 - Attr not supported : Dmpu
2024-09-14 15:24:12,322 [ERROR] ConditionMgr:805 - Attr not supported : Dmpu
2024-09-14 15:24:12,322 [ERROR] ConditionMgr:805 - Attr not supported : Dmpu
2024-09-14 15:24:12,322 [ERROR] ConditionMgr:805 - Attr not supported : Dmpu
2024-09-14 15:24:12,322 [ERROR] ConditionMgr:805 - Attr not supported : Dmpu
2024-09-14 15:24:12,322 [ERROR] ConditionMgr:805 - Attr not supported : Dmpu
2024-09-14 15:24:12,322 [ERROR] ConditionMgr:805 - Attr not supported : Dmpu
2024-09-14 15:24:12,322 [ERROR] ConditionMgr:805 - Attr not supported : Dmpu
2024-09-14 15:24:12,322 [ERROR] ConditionMgr:805 - Attr not supported : Dmpu
2024-09-14 15:24:12,322 [ERROR] ConditionMgr:805 - Attr not supported : Dmpu
2024-09-14 15:24:12,322 [ERROR] ConditionMgr:805 - Attr not supported : Dmpu
2024-09-14 15:24:12,322 [ERROR] ConditionMgr:805 - Attr not supported : Dmpu
2024-09-14 15:24:12,322 [ERROR] ConditionMgr:805 - Attr not supported : Dmpu
2024-09-14 15:24:12,322 [ERROR] ConditionMgr:805 - Attr not supported : Dmpu
2024-09-14 15:24:12,322 [ERROR] ConditionMgr:805 - Attr not supported : Dmpu
2024-09-14 15:24:12,322 [ERROR] ConditionMgr:805 - Attr not supported : Dmpu
2024-09-14 15:24:12,322 [ERROR] ConditionMgr:805 - Attr not supported : Dmpu
2024-09-14 15:24:12,323 [ERROR] ConditionMgr:805 - Attr not supported : Dmpu
2024-09-14 15:24:12,323 [ERROR] ConditionMgr:805 - Attr not supported : Dmpu
2024-09-14 15:24:12,323 [ERROR] ConditionMgr:805 - Attr not supported : Dmpu
2024-09-14 15:24:12,323 [ERROR] ConditionMgr:805 - Attr not supported : Dmpu
2024-09-14 15:24:12,323 [ERROR] ConditionMgr:805 - Attr not supported : Dmpu
2024-09-14 15:24:12,323 [ERROR] ConditionMgr:805 - Attr not supported : Dmpu
2024-09-14 15:24:12,323 [ERROR] ConditionMgr:805 - Attr not supported : Dmpu
2024-09-14 15:24:12,323 [ERROR] ConditionMgr:805 - Attr not supported : Dmpu
2024-09-14 15:24:12,323 [ERROR] ConditionMgr:805 - Attr not supported : Dmpu
2024-09-14 15:24:12,323 [ERROR] ConditionMgr:805 - Attr not supported : Dmpu
2024-09-14 15:24:12,323 [ERROR] ConditionMgr:805 - Attr not supported : Dmpu
2024-09-14 15:24:12,323 [ERROR] ConditionMgr:805 - Attr not supported : Dmpu
2024-09-14 15:24:12,323 [ERROR] ConditionMgr:805 - Attr not supported : Dmpu
2024-09-14 15:24:12,323 [ERROR] ConditionMgr:805 - Attr not supported : Dmpu
2024-09-14 15:24:12,323 [ERROR] ConditionMgr:805 - Attr not supported : Dmpu
2024-09-14 15:24:12,323 [ERROR] ConditionMgr:805 - Attr not supported : Dmpu
2024-09-14 15:24:12,323 [ERROR] ConditionMgr:805 - Attr not supported : Dmpu
2024-09-14 15:24:12,323 [ERROR] ConditionMgr:805 - Attr not supported : Dmpu
2024-09-14 15:24:12,323 [ERROR] ConditionMgr:805 - Attr not supported : Dmpu
2024-09-14 15:24:12,323 [ERROR] ConditionMgr:805 - Attr not supported : Dmpu
2024-09-14 15:24:12,323 [ERROR] ConditionMgr:805 - Attr not supported : Dmpu
2024-09-14 15:24:12,324 [ERROR] ConditionMgr:805 - Attr not supported : Dmpu
2024-09-14 15:24:12,330 [WARN] PackLoader:240 - Cannot read IP mode file for RealThread.X-CUBE-RT-Thread_Nano.4.1.1
2024-09-14 15:24:12,334 [WARN] PackLoader:240 - Cannot read IP mode file for STMicroelectronics.FP-ATR-SIGFOX1.3.2.0
2024-09-14 15:24:12,354 [WARN] PackLoader:240 - Cannot read IP mode file for SEGGER.I-CUBE-embOS.1.3.1
2024-09-14 15:24:12,377 [WARN] PackLoader:240 - Cannot read IP mode file for STMicroelectronics.X-CUBE-ALGOBUILD.1.4.0
2024-09-14 15:24:12,385 [WARN] PackLoader:240 - Cannot read IP mode file for STMicroelectronics.X-CUBE-GNSS1.6.0.0
2024-09-14 15:24:12,401 [WARN] PackLoader:240 - Cannot read IP mode file for STMicroelectronics.X-CUBE-AZRTOS-F4.1.1.0
2024-09-14 15:24:12,409 [WARN] PackLoader:240 - Cannot read IP mode file for STMicroelectronics.X-CUBE-FREERTOS.1.2.0
2024-09-14 15:24:12,420 [WARN] PackLoader:240 - Cannot read IP mode file for STMicroelectronics.X-CUBE-AZRTOS-L5.2.0.0
2024-09-14 15:24:12,427 [WARN] PackLoader:240 - Cannot read IP mode file for STMicroelectronics.X-CUBE-NFC6.3.1.0
2024-09-14 15:24:12,435 [WARN] PackLoader:240 - Cannot read IP mode file for ITTIA_DB.I-CUBE-ITTIADB.8.8.0
2024-09-14 15:24:12,442 [WARN] PackLoader:240 - Cannot read IP mode file for STMicroelectronics.X-CUBE-DPower.1.2.0
2024-09-14 15:24:12,448 [WARN] PackLoader:240 - Cannot read IP mode file for STMicroelectronics.X-CUBE-AI.9.0.0
2024-09-14 15:24:12,454 [WARN] PackLoader:240 - Cannot read IP mode file for STMicroelectronics.X-CUBE-NFC7.1.0.1
2024-09-14 15:24:12,458 [WARN] PackLoader:240 - Cannot read IP mode file for wolfSSL.I-CUBE-wolfTPM.3.2.0
2024-09-14 15:24:12,462 [WARN] PackLoader:240 - Cannot read IP mode file for STMicroelectronics.X-CUBE-NFC6.3.0.0
2024-09-14 15:24:12,467 [WARN] PackLoader:240 - Cannot read IP mode file for STMicroelectronics.X-CUBE-AI.8.1.0
2024-09-14 15:24:12,476 [WARN] ConditionMgr:438 - getConditionDescription Invalid condition id : LAN8742 Phy interface Condition cause : null
2024-09-14 15:24:12,477 [WARN] PackLoader:240 - Cannot read IP mode file for STMicroelectronics.X-CUBE-AZRTOS-L4.2.0.0
2024-09-14 15:24:12,479 [WARN] ConditionMgr:1039 - genDependencies : Invalid condition id : LAN8742 Phy interface Condition cause : null
2024-09-14 15:24:12,479 [WARN] ConditionMgr:1039 - genDependencies : Invalid condition id : LAN8742 Phy interface Condition cause : null
2024-09-14 15:24:12,479 [WARN] ConditionMgr:1039 - genDependencies : Invalid condition id : LAN8742 Phy interface Condition cause : null
2024-09-14 15:24:12,487 [WARN] PackLoader:240 - Cannot read IP mode file for STMicroelectronics.X-CUBE-SFXS2LP1.4.0.0
2024-09-14 15:24:12,496 [WARN] ConditionMgr:438 - getConditionDescription Invalid condition id : UX DEVICE CLASS RTOS Condition cause : null
2024-09-14 15:24:12,497 [WARN] ConditionMgr:438 - getConditionDescription Invalid condition id : UX DEVICE CLASS RTOS Condition cause : null
2024-09-14 15:24:12,498 [WARN] PackLoader:240 - Cannot read IP mode file for STMicroelectronics.X-CUBE-AZRTOS-WB.2.0.0
2024-09-14 15:24:12,498 [WARN] ConditionMgr:1039 - genDependencies : Invalid condition id : UX DEVICE CLASS RTOS Condition cause : null
2024-09-14 15:24:12,499 [WARN] ConditionMgr:1039 - genDependencies : Invalid condition id : UX DEVICE CLASS RTOS Condition cause : null
2024-09-14 15:24:12,499 [WARN] ConditionMgr:1039 - genDependencies : Invalid condition id : UX DEVICE CLASS RTOS Condition cause : null
2024-09-14 15:24:12,499 [WARN] ConditionMgr:1039 - genDependencies : Invalid condition id : UX DEVICE CLASS RTOS Condition cause : null
2024-09-14 15:24:12,499 [WARN] ConditionMgr:1039 - genDependencies : Invalid condition id : UX DEVICE CLASS RTOS Condition cause : null
2024-09-14 15:24:12,505 [WARN] PackLoader:240 - Cannot read IP mode file for STMicroelectronics.FP-SNS-STBOX1.2.0.0
2024-09-14 15:24:12,515 [WARN] PackLoader:240 - Cannot read IP mode file for STMicroelectronics.X-CUBE-SUBG2.5.0.0
2024-09-14 15:24:12,523 [WARN] PackLoader:240 - Cannot read IP mode file for Cesanta.I-CUBE-Mongoose.7.13.0
2024-09-14 15:24:12,536 [WARN] PackLoader:240 - Cannot read IP mode file for STMicroelectronics.X-CUBE-AZRTOS-G4.2.0.0
2024-09-14 15:24:12,550 [WARN] PackLoader:240 - Cannot read IP mode file for Infineon.AIROC-Wi-Fi-Bluetooth-STM32.1.5.1
2024-09-14 15:24:12,557 [WARN] PackLoader:240 - Cannot read IP mode file for STMicroelectronics.FP-SNS-MOTENVWB1.1.3.1
2024-09-14 15:24:12,564 [WARN] PackLoader:240 - Cannot read IP mode file for STMicroelectronics.X-CUBE-ALS.1.0.2
2024-09-14 15:24:12,597 [WARN] PackLoader:240 - Cannot read IP mode file for STMicroelectronics.X-CUBE-MEMS1.10.0.0
2024-09-14 15:24:12,664 [WARN] PackLoader:240 - Cannot read IP mode file for STMicroelectronics.X-CUBE-FREERTOS.1.1.0
2024-09-14 15:24:12,666 [WARN] PackLoader:240 - Cannot read IP mode file for STMicroelectronics.X-CUBE-TOUCHGFX.4.24.0
2024-09-14 15:24:12,672 [WARN] PackLoader:240 - Cannot read IP mode file for portGmbH.I-Cube-SoM-uGOAL.1.1.0
2024-09-14 15:24:12,676 [WARN] PackLoader:240 - Cannot read IP mode file for STMicroelectronics.X-CUBE-ALS.1.0.1
2024-09-14 15:24:12,687 [WARN] PackLoader:240 - Cannot read IP mode file for STMicroelectronics.X-CUBE-AZRTOS-H7RS.1.0.0
2024-09-14 15:24:12,694 [WARN] PackLoader:240 - Cannot read IP mode file for STMicroelectronics.FP-ATR-ASTRA1.2.0.0
2024-09-14 15:24:12,703 [WARN] PackLoader:240 - Cannot read IP mode file for STMicroelectronics.X-CUBE-TOF1.3.4.2
2024-09-14 15:24:12,714 [WARN] PackLoader:240 - Cannot read IP mode file for STMicroelectronics.X-CUBE-TOF1.3.4.1
2024-09-14 15:24:12,723 [WARN] PackLoader:240 - Cannot read IP mode file for wolfSSL.I-CUBE-wolfSSH.1.4.17
2024-09-14 15:24:12,724 [INFO] ThirdParty:978 - Integrity check success = true
2024-09-14 15:24:12,724 [INFO] IntegrityCheckThread:100 - exiting critical section [integrity check]
2024-09-14 15:24:12,724 [INFO] IntegrityCheckThread:103 - End integrity checks thread
2024-09-14 15:24:31,849 [ERROR] LogOutputStream:75 - [STDERR_REDIRECT] SLF4J: Failed to load class "org.slf4j.impl.StaticLoggerBinder".
2024-09-14 15:24:31,850 [ERROR] LogOutputStream:75 - [STDERR_REDIRECT] SLF4J: Defaulting to no-operation (NOP) logger implementation
2024-09-14 15:24:31,850 [ERROR] LogOutputStream:75 - [STDERR_REDIRECT] SLF4J: See http://www.slf4j.org/codes.html#StaticLoggerBinder for further details.
2024-09-14 15:26:02,160 [ERROR] ConfigurationRetriever:142 - IOException on connection: sw-center.st.com
2024-09-14 15:26:02,160 [ERROR] ConfigurationRetriever:142 - IOException on connection: sw-center.st.com
2024-09-14 15:26:02,160 [ERROR] ConfigurationRetriever:142 - IOException on connection: sw-center.st.com
2024-09-14 15:26:48,549 [ERROR] ConfigurationRetriever:142 - IOException on connection: sw-center.st.com
2024-09-14 15:26:48,550 [ERROR] ConfigurationRetriever:142 - IOException on connection: sw-center.st.com
2024-09-14 15:26:48,550 [ERROR] ConfigurationRetriever:142 - IOException on connection: sw-center.st.com
2024-09-14 15:28:07,863 [ERROR] ConfigurationRetriever:142 - IOException on connection: sw-center.st.com
2024-09-14 15:28:07,864 [ERROR] ConfigurationRetriever:142 - IOException on connection: sw-center.st.com
2024-09-14 15:28:07,864 [ERROR] ConfigurationRetriever:142 - IOException on connection: sw-center.st.com
2024-09-14 15:30:18,117 [ERROR] ConfigurationRetriever:142 - IOException on connection: sw-center.st.com
2024-09-14 15:30:18,118 [ERROR] ConfigurationRetriever:142 - IOException on connection: sw-center.st.com
2024-09-14 15:30:18,118 [ERROR] ConfigurationRetriever:142 - IOException on connection: sw-center.st.com
2024-09-14 15:30:49,347 [ERROR] ConfigurationRetriever:142 - IOException on connection: sw-center.st.com
2024-09-14 15:30:49,347 [ERROR] ConfigurationRetriever:142 - IOException on connection: sw-center.st.com
2024-09-14 15:30:49,348 [ERROR] ConfigurationRetriever:142 - IOException on connection: sw-center.st.com
2024-09-14 16:10:15,680 [ERROR] ConfigurationRetriever:142 - IOException on connection: sw-center.st.com
2024-09-14 16:10:15,681 [ERROR] ConfigurationRetriever:142 - IOException on connection: sw-center.st.com
2024-09-14 16:10:15,681 [ERROR] ConfigurationRetriever:142 - IOException on connection: sw-center.st.com
2024-09-14 16:10:16,194 [ERROR] LogOutputStream:75 - [STDERR_REDIRECT] 
